C:\Users\27766\Desktop\electron-nyx>npm run build:win

> electron-nyx@1.0.0 build:win
> npm run build && electron-builder --win


> electron-nyx@1.0.0 build
> npm run typecheck && electron-vite build


> electron-nyx@1.0.0 typecheck
> npm run typecheck:node && npm run typecheck:web


> electron-nyx@1.0.0 typecheck:node
> tsc --noEmit -p tsconfig.node.json --composite false


> electron-nyx@1.0.0 typecheck:web
> tsc --noEmit -p tsconfig.web.json --composite false

src/renderer/src/admin/campaigns/api/index.ts:189:7 - error TS6133: 'clearCampaignsFromLocalStorage' is declared but its value is never read.

189 const clearCampaignsFromLocalStorage = () => {
          ~~~~~~~~~~~~~~~~~~~~~~~~~~~~~~

src/renderer/src/admin/campaigns/api/index.ts:234:7 - error TS2740: Type 'AxiosResponse<any, any, {}>' is missing the following properties from type 'Campaign': id, name, type, settings, and 10 more.

234       return response || {};
          ~~~~~~

src/renderer/src/admin/campaigns/api/index.ts:258:28 - error TS2345: Argument of type 'AxiosResponse<any, any, {}>' is not assignable to parameter of type 'Campaign'.
  Type 'AxiosResponse<any, any, {}>' is missing the following properties from type 'Campaign': id, name, type, settings, and 10 more.

258       cachedCampaigns.push(newCampaign);
                               ~~~~~~~~~~~

src/renderer/src/admin/campaigns/api/index.ts:261:7 - error TS2740: Type 'AxiosResponse<any, any, {}>' is missing the following properties from type 'Campaign': id, name, type, settings, and 10 more.

261       return newCampaign;
          ~~~~~~

src/renderer/src/admin/campaigns/api/index.ts:282:9 - error TS2740: Type 'AxiosResponse<any, any, {}>' is missing the following properties from type 'Campaign': id, name, type, settings, and 10 more.

282         cachedCampaigns[index] = updatedCampaign;
            ~~~~~~~~~~~~~~~~~~~~~~

src/renderer/src/admin/campaigns/api/index.ts:286:7 - error TS2740: Type 'AxiosResponse<any, any, {}>' is missing the following properties from type 'Campaign': id, name, type, settings, and 10 more.

286       return updatedCampaign;
          ~~~~~~

src/renderer/src/admin/campaigns/api/index.ts:323:7 - error TS2740: Type 'AxiosResponse<any, any, {}>' is missing the following properties from type 'CampaignStats': total, active, byStatus, byType, and 2 more.

323       return response || {
          ~~~~~~

src/renderer/src/admin/campaigns/api/index.ts:347:7 - error TS2739: Type 'AxiosResponse<any, any, {}>' is missing the following properties from type 'CampaignLaunchResponse': success, message

347       return response;
          ~~~~~~

src/renderer/src/admin/campaigns/api/index.ts:360:7 - error TS2739: Type 'AxiosResponse<any, any, {}>' is missing the following properties from type 'CampaignProgress': campaignId, progress

360       return response || {
          ~~~~~~

src/renderer/src/admin/campaigns/components/campaign-analytics/index.tsx:1:8 - error TS6133: 'React' is declared but its value is never read.

1 import React, { useState, useEffect } from 'react';
         ~~~~~

src/renderer/src/admin/campaigns/components/campaign-analytics/index.tsx:1:27 - error TS6133: 'useEffect' is declared but its value is never read.

1 import React, { useState, useEffect } from 'react';
                            ~~~~~~~~~

src/renderer/src/admin/campaigns/components/campaign-analytics/index.tsx:8:3 - error TS6133: 'LineChart' is declared but its value is never read.

8   LineChart,
    ~~~~~~~~~

src/renderer/src/admin/campaigns/components/campaign-analytics/index.tsx:12:3 - error TS6133: 'Calendar' is declared but its value is never read.

12   Calendar,
     ~~~~~~~~

src/renderer/src/admin/campaigns/components/campaign-detail/campaign-launch.tsx:1:8 - error TS6133: 'React' is declared but its value is never read.

1 import React, { useState, useEffect } from 'react';
         ~~~~~

src/renderer/src/admin/campaigns/components/campaign-detail/campaign-launch.tsx:8:1 - error TS6133: 'Badge' is declared but its value is never read.

8 import { Badge } from '@/components/ui/badge';
  ~~~~~~~~~~~~~~~~~~~~~~~~~~~~~~~~~~~~~~~~~~~~~~

src/renderer/src/admin/campaigns/components/campaign-detail/campaign-launch.tsx:9:1 - error TS6192: All imports in import declaration are unused.

  9 import {
    ~~~~~~~~
 10   Select,
    ~~~~~~~~~
...
 14   SelectValue
    ~~~~~~~~~~~~~
 15 } from '@/components/ui/select';
    ~~~~~~~~~~~~~~~~~~~~~~~~~~~~~~~~

src/renderer/src/admin/campaigns/components/campaign-detail/campaign-launch.tsx:19:3 - error TS6133: 'Square' is declared but its value is never read.

19   Square,
     ~~~~~~

src/renderer/src/admin/campaigns/components/campaign-detail/campaign-launch.tsx:115:33 - error TS6133: 'jobId' is declared but its value is never read.

115   const startProgressPolling = (jobId: string) => {
                                    ~~~~~

src/renderer/src/admin/campaigns/components/campaign-detail/index.tsx:1:8 - error TS6133: 'React' is declared but its value is never read.

1 import React, { useState, useEffect } from 'react';
         ~~~~~

src/renderer/src/admin/campaigns/components/campaign-detail/index.tsx:9:1 - error TS6133: 'Label' is declared but its value is never read.

9 import { Label } from '@/components/ui/label';
  ~~~~~~~~~~~~~~~~~~~~~~~~~~~~~~~~~~~~~~~~~~~~~~

src/renderer/src/admin/campaigns/components/campaign-detail/index.tsx:17:1 - error TS6133: 'Switch' is declared but its value is never read.

17 import { Switch } from '@/components/ui/switch';
   ~~~~~~~~~~~~~~~~~~~~~~~~~~~~~~~~~~~~~~~~~~~~~~~~

src/renderer/src/admin/campaigns/components/campaign-detail/index.tsx:23:3 - error TS6133: 'CardFooter' is declared but its value is never read.

23   CardFooter,
     ~~~~~~~~~~

src/renderer/src/admin/campaigns/components/campaign-detail/index.tsx:33:1 - error TS6192: All imports in import declaration are unused.

 33 import {
    ~~~~~~~~
 34   Accordion,
    ~~~~~~~~~~~~
...
 37   AccordionTrigger
    ~~~~~~~~~~~~~~~~~~
 38 } from '@/components/ui/accordion';
    ~~~~~~~~~~~~~~~~~~~~~~~~~~~~~~~~~~~

src/renderer/src/admin/campaigns/components/campaign-detail/index.tsx:52:3 - error TS6133: 'DialogDescription' is declared but its value is never read.

52   DialogDescription
     ~~~~~~~~~~~~~~~~~

src/renderer/src/admin/campaigns/components/campaign-detail/index.tsx:56:3 - error TS6133: 'Clock' is declared but its value is never read.

56   Clock,
     ~~~~~

src/renderer/src/admin/campaigns/components/campaign-detail/index.tsx:57:3 - error TS6133: 'Globe' is declared but its value is never read.

57   Globe,
     ~~~~~

src/renderer/src/admin/campaigns/components/campaign-detail/index.tsx:63:3 - error TS6133: 'Pause' is declared but its value is never read.

63   Pause,
     ~~~~~

src/renderer/src/admin/campaigns/components/campaign-detail/index.tsx:64:3 - error TS6133: 'Square' is declared but its value is never read.

64   Square,
     ~~~~~~

src/renderer/src/admin/campaigns/components/campaign-detail/index.tsx:65:3 - error TS6133: 'Copy' is declared but its value is never read.

65   Copy,
     ~~~~

src/renderer/src/admin/campaigns/components/campaign-detail/index.tsx:69:3 - error TS6133: 'Edit' is declared but its value is never read.

69   Edit,
     ~~~~

src/renderer/src/admin/campaigns/components/campaign-detail/index.tsx:274:42 - error TS2769: No overload matches this call.
  Overload 1 of 3, '(name?: undefined, config?: GetValuesConfig | undefined): { status: "paused" | "active" | "draft" | "completed"; name: string; type: "traffic" | "revenue" | "testing"; ... 6 more ...; description?: string | undefined; }', gave the following error.
    Argument of type 'string' is not assignable to parameter of type 'undefined'.
  Overload 2 of 3, '(name: "status" | "name" | "type" | "profiles" | "description" | "settings" | "targeting" | "schedule" | "targets" | "priority" | "profiles.assignmentType" | "profiles.assignedProfiles" | ... 43 more ... | `targets.urls.${number}`, config?: GetValuesConfig | undefined): string | ... 17 more ... | undefined', gave the following error.
    Argument of type 'string' is not assignable to parameter of type '"status" | "name" | "type" | "profiles" | "description" | "settings" | "targeting" | "schedule" | "targets" | "priority" | "profiles.assignmentType" | "profiles.assignedProfiles" | ... 43 more ... | `targets.urls.${number}`'.
  Overload 3 of 3, '(names: readonly ("status" | "name" | "type" | "profiles" | "description" | "settings" | "targeting" | "schedule" | "targets" | "priority" | "profiles.assignmentType" | "profiles.assignedProfiles" | ... 43 more ... | `targets.urls.${number}`)[], config?: GetValuesConfig | undefined): (string | ... 17 more ... | undefined)[]', gave the following error.
    Argument of type 'string' is not assignable to parameter of type 'readonly ("status" | "name" | "type" | "profiles" | "description" | "settings" | "targeting" | "schedule" | "targets" | "priority" | "profiles.assignmentType" | "profiles.assignedProfiles" | ... 43 more ... | `targets.urls.${number}`)[]'.

274     const currentValues = form.getValues(parent)[field] || [];
                                             ~~~~~~


src/renderer/src/admin/campaigns/components/campaign-detail/index.tsx:275:19 - error TS2345: Argument of type '`${string}.${string}`' is not assignable to parameter of type '"status" | "name" | "type" | "profiles" | "description" | "settings" | "targeting" | "schedule" | "targets" | "priority" | "profiles.assignmentType" | "profiles.assignedProfiles" | ... 43 more ... | `targets.urls.${number}`'.

275     form.setValue(`${parent}.${field}`, [...currentValues, defaultValue]);
                      ~~~~~~~~~~~~~~~~~~~~

src/renderer/src/admin/campaigns/components/campaign-detail/index.tsx:279:42 - error TS2769: No overload matches this call.
  Overload 1 of 3, '(name?: undefined, config?: GetValuesConfig | undefined): { status: "paused" | "active" | "draft" | "completed"; name: string; type: "traffic" | "revenue" | "testing"; ... 6 more ...; description?: string | undefined; }', gave the following error.
    Argument of type 'string' is not assignable to parameter of type 'undefined'.
  Overload 2 of 3, '(name: "status" | "name" | "type" | "profiles" | "description" | "settings" | "targeting" | "schedule" | "targets" | "priority" | "profiles.assignmentType" | "profiles.assignedProfiles" | ... 43 more ... | `targets.urls.${number}`, config?: GetValuesConfig | undefined): string | ... 17 more ... | undefined', gave the following error.
    Argument of type 'string' is not assignable to parameter of type '"status" | "name" | "type" | "profiles" | "description" | "settings" | "targeting" | "schedule" | "targets" | "priority" | "profiles.assignmentType" | "profiles.assignedProfiles" | ... 43 more ... | `targets.urls.${number}`'.
  Overload 3 of 3, '(names: readonly ("status" | "name" | "type" | "profiles" | "description" | "settings" | "targeting" | "schedule" | "targets" | "priority" | "profiles.assignmentType" | "profiles.assignedProfiles" | ... 43 more ... | `targets.urls.${number}`)[], config?: GetValuesConfig | undefined): (string | ... 17 more ... | undefined)[]', gave the following error.
    Argument of type 'string' is not assignable to parameter of type 'readonly ("status" | "name" | "type" | "profiles" | "description" | "settings" | "targeting" | "schedule" | "targets" | "priority" | "profiles.assignmentType" | "profiles.assignedProfiles" | ... 43 more ... | `targets.urls.${number}`)[]'.

279     const currentValues = form.getValues(parent)[field] || [];
                                             ~~~~~~


src/renderer/src/admin/campaigns/components/campaign-detail/index.tsx:282:19 - error TS2345: Argument of type '`${string}.${string}`' is not assignable to parameter of type '"status" | "name" | "type" | "profiles" | "description" | "settings" | "targeting" | "schedule" | "targets" | "priority" | "profiles.assignmentType" | "profiles.assignedProfiles" | ... 43 more ... | `targets.urls.${number}`'.

282     form.setValue(`${parent}.${field}`, newValues);
                      ~~~~~~~~~~~~~~~~~~~~

src/renderer/src/admin/campaigns/components/campaign-detail/index.tsx:586:62 - error TS6133: 'url' is declared but its value is never read.

586                             {form.watch('targets.urls').map((url, index) => (
                                                                 ~~~

src/renderer/src/admin/campaigns/components/campaign-detail/index.tsx:812:34 - error TS18048: 'field.value' is possibly 'undefined'.

812                                 {field.value.map((country, index) => (
                                     ~~~~~~~~~~~

src/renderer/src/admin/campaigns/components/campaign-detail/index.tsx:818:68 - error TS2488: Type 'string[] | undefined' must have a '[Symbol.iterator]()' method that returns an iterator.

818                                           const newCountries = [...field.value];
                                                                       ~~~~~~~~~~~

src/renderer/src/admin/campaigns/components/campaign-detail/index.tsx:862:34 - error TS18048: 'field.value' is possibly 'undefined'.

862                                 {field.value.map((network, index) => (
                                     ~~~~~~~~~~~

src/renderer/src/admin/campaigns/components/campaign-detail/index.tsx:900:30 - error TS2532: Object is possibly 'undefined'.

900                             {form.watch('targeting.adFormats').map((format, index) => (
                                 ~~~~~~~~~~~~~~~~~~~~~~~~~~~~~~~~~

src/renderer/src/admin/campaigns/components/campaign-detail/index.tsx:900:69 - error TS6133: 'format' is declared but its value is never read.

900                             {form.watch('targeting.adFormats').map((format, index) => (
                                                                        ~~~~~~

src/renderer/src/admin/campaigns/components/campaign-detail/index.tsx:936:30 - error TS2532: Object is possibly 'undefined'.

936                             {form.watch('targeting.deviceTypes').map((device, index) => (
                                 ~~~~~~~~~~~~~~~~~~~~~~~~~~~~~~~~~~~

src/renderer/src/admin/campaigns/components/campaign-detail/index.tsx:936:71 - error TS6133: 'device' is declared but its value is never read.

936                             {form.watch('targeting.deviceTypes').map((device, index) => (
                                                                          ~~~~~~

src/renderer/src/admin/campaigns/components/campaign-detail/index.tsx:972:30 - error TS2532: Object is possibly 'undefined'.

972                             {form.watch('targeting.browsers').map((browser, index) => (
                                 ~~~~~~~~~~~~~~~~~~~~~~~~~~~~~~~~

src/renderer/src/admin/campaigns/components/campaign-detail/index.tsx:972:68 - error TS6133: 'browser' is declared but its value is never read.

972                             {form.watch('targeting.browsers').map((browser, index) => (
                                                                       ~~~~~~~

src/renderer/src/admin/campaigns/components/campaign-detail/index.tsx:1057:77 - error TS6133: 'profileId' is declared but its value is never read.

1057                               {form.watch('profiles.assignedProfiles').map((profileId, index) => (
                                                                                 ~~~~~~~~~

src/renderer/src/admin/campaigns/components/campaign-export-import/index.tsx:36:9 - error TS6133: 'handleExportSelected' is declared but its value is never read.

36   const handleExportSelected = async () => {
           ~~~~~~~~~~~~~~~~~~~~

src/renderer/src/admin/campaigns/components/campaign-scheduling/index.tsx:1:1 - error TS6133: 'React' is declared but its value is never read.

1 import React from 'react';
  ~~~~~~~~~~~~~~~~~~~~~~~~~~

src/renderer/src/admin/campaigns/components/campaign-scheduling/index.tsx:56:9 - error TS2698: Spread types may only be created from object types.

56         ...schedule[parent as keyof CampaignSchedule],
           ~~~~~~~~~~~~~~~~~~~~~~~~~~~~~~~~~~~~~~~~~~~~~

src/renderer/src/admin/campaigns/components/campaigns-dashboard/advanced-filter.tsx:1:8 - error TS6133: 'React' is declared but its value is never read.

1 import React, { useState } from 'react';
         ~~~~~

src/renderer/src/admin/campaigns/components/campaigns-dashboard/index.tsx:28:1 - error TS6133: 'Progress' is declared but its value is never read.

28 import { Progress } from '@/components/ui/progress';
   ~~~~~~~~~~~~~~~~~~~~~~~~~~~~~~~~~~~~~~~~~~~~~~~~~~~~

src/renderer/src/admin/campaigns/components/campaigns-dashboard/index.tsx:49:3 - error TS6133: 'Filter' is declared but its value is never read.

49   Filter,
     ~~~~~~

src/renderer/src/admin/campaigns/components/campaigns-dashboard/index.tsx:54:3 - error TS6133: 'Pause' is declared but its value is never read.

54   Pause,
     ~~~~~

src/renderer/src/admin/campaigns/components/campaigns-dashboard/index.tsx:58:3 - error TS6133: 'DollarSign' is declared but its value is never read.

58   DollarSign,
     ~~~~~~~~~~

src/renderer/src/admin/campaigns/components/campaigns-dashboard/index.tsx:392:42 - error TS2769: No overload matches this call.
  Overload 1 of 3, '(name?: undefined, config?: GetValuesConfig | undefined): { name: string; type: "traffic" | "revenue" | "testing"; profiles: { assignmentType: "auto" | "manual" | "category"; assignedProfiles: string[]; categoryDistribution: { ...; }; maxProfilesPerCampaign: number; }; ... 5 more ...; description?: string | undefined; }', gave the following error.
    Argument of type 'string' is not assignable to parameter of type 'undefined'.
  Overload 2 of 3, '(name: "name" | "type" | "profiles" | "description" | "settings" | "targeting" | "schedule" | "targets" | "priority" | "profiles.assignmentType" | "profiles.assignedProfiles" | ... 43 more ... | `targets.urls.${number}`, config?: GetValuesConfig | undefined): string | ... 17 more ... | undefined', gave the following error.
    Argument of type 'string' is not assignable to parameter of type '"name" | "type" | "profiles" | "description" | "settings" | "targeting" | "schedule" | "targets" | "priority" | "profiles.assignmentType" | "profiles.assignedProfiles" | "profiles.categoryDistribution" | ... 42 more ... | `targets.urls.${number}`'.
  Overload 3 of 3, '(names: readonly ("name" | "type" | "profiles" | "description" | "settings" | "targeting" | "schedule" | "targets" | "priority" | "profiles.assignmentType" | "profiles.assignedProfiles" | ... 43 more ... | `targets.urls.${number}`)[], config?: GetValuesConfig | undefined): (string | ... 17 more ... | undefined)[]', gave the following error.
    Argument of type 'string' is not assignable to parameter of type 'readonly ("name" | "type" | "profiles" | "description" | "settings" | "targeting" | "schedule" | "targets" | "priority" | "profiles.assignmentType" | "profiles.assignedProfiles" | "profiles.categoryDistribution" | ... 42 more ... | `targets.urls.${number}`)[]'.

392     const currentValues = form.getValues(parent)[field] || [];
                                             ~~~~~~


src/renderer/src/admin/campaigns/components/campaigns-dashboard/index.tsx:393:19 - error TS2345: Argument of type '`${string}.${string}`' is not assignable to parameter of type '"name" | "type" | "profiles" | "description" | "settings" | "targeting" | "schedule" | "targets" | "priority" | "profiles.assignmentType" | "profiles.assignedProfiles" | "profiles.categoryDistribution" | ... 42 more ... | `targets.urls.${number}`'.

393     form.setValue(`${parent}.${field}`, [...currentValues, defaultValue]);
                      ~~~~~~~~~~~~~~~~~~~~

src/renderer/src/admin/campaigns/components/campaigns-dashboard/index.tsx:397:42 - error TS2769: No overload matches this call.
  Overload 1 of 3, '(name?: undefined, config?: GetValuesConfig | undefined): { name: string; type: "traffic" | "revenue" | "testing"; profiles: { assignmentType: "auto" | "manual" | "category"; assignedProfiles: string[]; categoryDistribution: { ...; }; maxProfilesPerCampaign: number; }; ... 5 more ...; description?: string | undefined; }', gave the following error.
    Argument of type 'string' is not assignable to parameter of type 'undefined'.
  Overload 2 of 3, '(name: "name" | "type" | "profiles" | "description" | "settings" | "targeting" | "schedule" | "targets" | "priority" | "profiles.assignmentType" | "profiles.assignedProfiles" | ... 43 more ... | `targets.urls.${number}`, config?: GetValuesConfig | undefined): string | ... 17 more ... | undefined', gave the following error.
    Argument of type 'string' is not assignable to parameter of type '"name" | "type" | "profiles" | "description" | "settings" | "targeting" | "schedule" | "targets" | "priority" | "profiles.assignmentType" | "profiles.assignedProfiles" | "profiles.categoryDistribution" | ... 42 more ... | `targets.urls.${number}`'.
  Overload 3 of 3, '(names: readonly ("name" | "type" | "profiles" | "description" | "settings" | "targeting" | "schedule" | "targets" | "priority" | "profiles.assignmentType" | "profiles.assignedProfiles" | ... 43 more ... | `targets.urls.${number}`)[], config?: GetValuesConfig | undefined): (string | ... 17 more ... | undefined)[]', gave the following error.
    Argument of type 'string' is not assignable to parameter of type 'readonly ("name" | "type" | "profiles" | "description" | "settings" | "targeting" | "schedule" | "targets" | "priority" | "profiles.assignmentType" | "profiles.assignedProfiles" | "profiles.categoryDistribution" | ... 42 more ... | `targets.urls.${number}`)[]'.

397     const currentValues = form.getValues(parent)[field] || [];
                                             ~~~~~~


src/renderer/src/admin/campaigns/components/campaigns-dashboard/index.tsx:400:19 - error TS2345: Argument of type '`${string}.${string}`' is not assignable to parameter of type '"name" | "type" | "profiles" | "description" | "settings" | "targeting" | "schedule" | "targets" | "priority" | "profiles.assignmentType" | "profiles.assignedProfiles" | "profiles.categoryDistribution" | ... 42 more ... | `targets.urls.${number}`'.

400     form.setValue(`${parent}.${field}`, newValues);
                      ~~~~~~~~~~~~~~~~~~~~

src/renderer/src/admin/campaigns/components/campaigns-dashboard/index.tsx:470:9 - error TS6133: 'handleInputChange' is declared but its value is never read.

470   const handleInputChange = (e: React.ChangeEvent<HTMLInputElement | HTMLTextAreaElement>) => {
            ~~~~~~~~~~~~~~~~~

src/renderer/src/admin/campaigns/components/campaigns-dashboard/index.tsx:470:30 - error TS6133: 'e' is declared but its value is never read.

470   const handleInputChange = (e: React.ChangeEvent<HTMLInputElement | HTMLTextAreaElement>) => {
                                 ~

src/renderer/src/admin/campaigns/components/campaigns-dashboard/index.tsx:475:9 - error TS6133: 'handleSelectChange' is declared but its value is never read.

475   const handleSelectChange = (name: string, value: string) => {
            ~~~~~~~~~~~~~~~~~~

src/renderer/src/admin/campaigns/components/campaigns-dashboard/index.tsx:475:31 - error TS6133: 'name' is declared but its value is never read.

475   const handleSelectChange = (name: string, value: string) => {
                                  ~~~~

src/renderer/src/admin/campaigns/components/campaigns-dashboard/index.tsx:475:45 - error TS6133: 'value' is declared but its value is never read.

475   const handleSelectChange = (name: string, value: string) => {
                                                ~~~~~

src/renderer/src/admin/campaigns/components/campaigns-dashboard/index.tsx:884:33 - error TS2322: Type '"status"' is not assignable to type '"name" | "type" | "profiles" | "description" | "settings" | "targeting" | "schedule" | "targets" | "priority" | "profiles.assignmentType" | "profiles.assignedProfiles" | "profiles.categoryDistribution" | ... 42 more ... | `targets.urls.${number}`'.

884                                 name="status"
                                    ~~~~

  node_modules/react-hook-form/dist/types/controller.d.ts:20:5
    20     name: TName;
           ~~~~
    The expected type comes from property 'name' which is declared here on type 'IntrinsicAttributes & { render: ({ field, fieldState, formState, }: { field: ControllerRenderProps<{ name: string; type: "traffic" | "revenue" | "testing"; profiles: { assignmentType: "auto" | "manual" | "category"; assignedProfiles: string[]; categoryDistribution: { ...; }; maxProfilesPerCampaign: number; }; ... 5 ...'

src/renderer/src/admin/campaigns/components/campaigns-dashboard/index.tsx:888:76 - error TS2322: Type 'string | number | boolean | string[] | number[] | { behavior: "random" | "sequential" | "weighted"; urls: string[]; } | { min: number; max: number; } | { min: number; max: number; } | { min: number; max: number; } | ... 9 more ... | undefined' is not assignable to type 'string | undefined'.
  Type 'null' is not assignable to type 'string | undefined'.

888                                     <Select onValueChange={field.onChange} defaultValue={field.value}>
                                                                               ~~~~~~~~~~~~

  node_modules/@radix-ui/react-select/dist/index.d.mts:25:5
    25     defaultValue?: string;
           ~~~~~~~~~~~~
    The expected type comes from property 'defaultValue' which is declared here on type 'IntrinsicAttributes & SelectSharedProps & { value?: string | undefined; defaultValue?: string | undefined; onValueChange?(value: string): void; }'

src/renderer/src/admin/campaigns/components/campaigns-dashboard/index.tsx:965:66 - error TS6133: 'url' is declared but its value is never read.

965                                 {form.watch('targets.urls').map((url, index) => (
                                                                     ~~~

src/renderer/src/admin/campaigns/components/campaigns-dashboard/index.tsx:1191:38 - error TS18048: 'field.value' is possibly 'undefined'.

1191                                     {field.value.map((country, index) => (
                                          ~~~~~~~~~~~

src/renderer/src/admin/campaigns/components/campaigns-dashboard/index.tsx:1241:38 - error TS18048: 'field.value' is possibly 'undefined'.

1241                                     {field.value.map((network, index) => (
                                          ~~~~~~~~~~~

src/renderer/src/admin/campaigns/components/campaigns-dashboard/index.tsx:1279:34 - error TS2532: Object is possibly 'undefined'.

1279                                 {form.watch('targeting.adFormats').map((format, index) => (
                                      ~~~~~~~~~~~~~~~~~~~~~~~~~~~~~~~~~

src/renderer/src/admin/campaigns/components/campaigns-dashboard/index.tsx:1279:73 - error TS6133: 'format' is declared but its value is never read.

1279                                 {form.watch('targeting.adFormats').map((format, index) => (
                                                                             ~~~~~~

src/renderer/src/admin/campaigns/components/campaigns-dashboard/index.tsx:1316:36 - error TS2532: Object is possibly 'undefined'.

1316                                   {form.watch('targeting.deviceTypes').map((device, index) => (
                                        ~~~~~~~~~~~~~~~~~~~~~~~~~~~~~~~~~~~

src/renderer/src/admin/campaigns/components/campaigns-dashboard/index.tsx:1316:77 - error TS6133: 'device' is declared but its value is never read.

1316                                   {form.watch('targeting.deviceTypes').map((device, index) => (
                                                                                 ~~~~~~

src/renderer/src/admin/campaigns/components/campaigns-dashboard/index.tsx:1352:36 - error TS2532: Object is possibly 'undefined'.

1352                                   {form.watch('targeting.browsers').map((browser, index) => (
                                        ~~~~~~~~~~~~~~~~~~~~~~~~~~~~~~~~

src/renderer/src/admin/campaigns/components/campaigns-dashboard/index.tsx:1352:74 - error TS6133: 'browser' is declared but its value is never read.

1352                                   {form.watch('targeting.browsers').map((browser, index) => (
                                                                              ~~~~~~~

src/renderer/src/admin/campaigns/components/campaigns-dashboard/index.tsx:1679:81 - error TS6133: 'profileId' is declared but its value is never read.

1679                                   {form.watch('profiles.assignedProfiles').map((profileId, index) => (
                                                                                     ~~~~~~~~~

src/renderer/src/admin/campaigns/context/campaigns-context.tsx:81:9 - error TS6198: All destructured elements are unused.

 81   const {
            ~
 82     profiles,
    ~~~~~~~~~~~~~
...
 85     refetchProfiles
    ~~~~~~~~~~~~~~~~~~~
 86   } = useProfiles();
    ~~~

src/renderer/src/admin/campaigns/context/campaigns-context.tsx:231:50 - error TS2345: Argument of type 'Partial<Campaign>' is not assignable to parameter of type 'CampaignCreate'.
  Types of property 'name' are incompatible.
    Type 'string | undefined' is not assignable to type 'string'.
      Type 'undefined' is not assignable to type 'string'.

231       const campaign = await campaignsApi.create(data);
                                                     ~~~~

src/renderer/src/admin/campaigns/context/campaigns-context.tsx:443:18 - error TS2339: Property 'clearCache' does not exist on type '{ list: () => Promise<Campaign[]>; get: (campaignId: string) => Promise<Campaign>; create: (campaignData: CampaignCreate) => Promise<...>; ... 6 more ...; import: (data: any) => Promise<...>; }'.

443     campaignsApi.clearCache();
                     ~~~~~~~~~~

src/renderer/src/admin/campaigns/index.tsx:1:1 - error TS6133: 'React' is declared but its value is never read.

1 import React from 'react';
  ~~~~~~~~~~~~~~~~~~~~~~~~~~

src/renderer/src/admin/campaigns/utils/validation.ts:227:35 - error TS2304: Cannot find name 'Campaign'.

227   static validateLaunch(campaign: Campaign): ValidationError[] {
                                      ~~~~~~~~

src/renderer/src/admin/dashboard/index.tsx:2:1 - error TS6192: All imports in import declaration are unused.

2 import { QueryClient, QueryClientProvider } from '@tanstack/react-query'
  ~~~~~~~~~~~~~~~~~~~~~~~~~~~~~~~~~~~~~~~~~~~~~~~~~~~~~~~~~~~~~~~~~~~~~~~~

src/renderer/src/admin/profiles/api/index.ts:2:15 - error TS2307: Cannot find module './proxies-api' or its corresponding type declarations.

2 export * from './proxies-api';
                ~~~~~~~~~~~~~~~

src/renderer/src/admin/profiles/api/profiles-api.ts:233:5 - error TS2739: Type 'AxiosResponse<any, any, {}>' is missing the following properties from type 'Profile': id, name, created_at, path, metadata

233     return response;
        ~~~~~~

src/renderer/src/admin/profiles/api/profiles-api.ts:266:5 - error TS2739: Type 'AxiosResponse<any, any, {}>' is missing the following properties from type 'Profile': id, name, created_at, path, metadata

266     return response;
        ~~~~~~

src/renderer/src/admin/profiles/api/profiles-api.ts:277:5 - error TS2739: Type 'AxiosResponse<any, any, {}>' is missing the following properties from type 'Profile': id, name, created_at, path, metadata

277     return response;
        ~~~~~~

src/renderer/src/admin/profiles/api/profiles-api.ts:299:5 - error TS2740: Type 'AxiosResponse<any, any, {}>' is missing the following properties from type 'ProfileStats': id, name, created_at, age_days, and 3 more.

299     return response;
        ~~~~~~

src/renderer/src/admin/profiles/api/profiles-api.ts:315:5 - error TS2739: Type 'AxiosResponse<any, any, {}>' is missing the following properties from type 'BatchProfileResponse': created_profiles, failed_count

315     return response;
        ~~~~~~

src/renderer/src/admin/profiles/api/profiles-api.ts:406:5 - error TS2739: Type 'AxiosResponse<any, any, {}>' is missing the following properties from type 'Profile': id, name, created_at, path, metadata

406     return response;
        ~~~~~~

src/renderer/src/admin/profiles/components/fingerprint-dialog.tsx:11:1 - error TS6133: 'Button' is declared but its value is never read.

11 import { Button } from '@/components/ui/button';
   ~~~~~~~~~~~~~~~~~~~~~~~~~~~~~~~~~~~~~~~~~~~~~~~~

src/renderer/src/admin/profiles/components/fingerprint-dialog.tsx:46:16 - error TS18046: 'err' is of type 'unknown'.

46       setError(err.message || 'Failed to load fingerprint data');
                  ~~~

src/renderer/src/admin/profiles/components/fingerprint-dialog.tsx:49:58 - error TS18046: 'err' is of type 'unknown'.

49         description: `Failed to load fingerprint data: ${err.message}`,
                                                            ~~~

src/renderer/src/admin/profiles/components/profile-batch-drawer.tsx:1:8 - error TS6133: 'React' is declared but its value is never read.

1 import React, { useState } from 'react';
         ~~~~~

src/renderer/src/admin/profiles/components/profile-batch-drawer.tsx:15:1 - error TS6133: 'Badge' is declared but its value is never read.

15 import { Badge } from '@/components/ui/badge';
   ~~~~~~~~~~~~~~~~~~~~~~~~~~~~~~~~~~~~~~~~~~~~~~

src/renderer/src/admin/profiles/components/profile-batch-drawer.tsx:39:11 - error TS6133: 'randomNumber' is declared but its value is never read.

39     const randomNumber = Math.floor(1000 + Math.random() * 9000);
             ~~~~~~~~~~~~

src/renderer/src/admin/profiles/components/profile-edit-modal.tsx:50:30 - error TS2339: Property 'description' does not exist on type 'Profile'.

50         description: profile.description || '',
                                ~~~~~~~~~~~

src/renderer/src/admin/profiles/components/profile-edit-modal.tsx:87:9 - error TS2353: Object literal may only specify known properties, and 'description' does not exist in type 'ProfileUpdate'.

87         description: formData.description,
           ~~~~~~~~~~~

src/renderer/src/admin/profiles/components/proxy-selection-modal.tsx:1:8 - error TS6133: 'React' is declared but its value is never read.

1 import React, { useState, useEffect } from 'react';
         ~~~~~

src/renderer/src/admin/profiles/components/proxy-selection-modal.tsx:12:1 - error TS6133: 'Label' is declared but its value is never read.

12 import { Label } from '@/components/ui/label';
   ~~~~~~~~~~~~~~~~~~~~~~~~~~~~~~~~~~~~~~~~~~~~~~

src/renderer/src/admin/profiles/components/proxy-selection-modal.tsx:22:18 - error TS6133: 'Globe' is declared but its value is never read.

22 import { Search, Globe, Server, Check, Wifi, MapPin, Timer } from 'lucide-react';
                    ~~~~~

src/renderer/src/admin/profiles/components/proxy-selection-modal.tsx:22:40 - error TS6133: 'Wifi' is declared but its value is never read.

22 import { Search, Globe, Server, Check, Wifi, MapPin, Timer } from 'lucide-react';
                                          ~~~~

src/renderer/src/admin/profiles/components/proxy-selection-modal.tsx:22:54 - error TS6133: 'Timer' is declared but its value is never read.

22 import { Search, Globe, Server, Check, Wifi, MapPin, Timer } from 'lucide-react';
                                                        ~~~~~

src/renderer/src/admin/profiles/components/proxy-selection-modal.tsx:207:27 - error TS6133: 'isSuccessRateGood' is declared but its value is never read.

207                     const isSuccessRateGood = successRate > 0.8;
                              ~~~~~~~~~~~~~~~~~

src/renderer/src/admin/profiles/components/proxy-selection-modal.tsx:307:42 - error TS2339: Property 'isAssigned' does not exist on type 'ProxyConfig'.

307                   {proxies.filter(p => p.isAssigned).length}
                                             ~~~~~~~~~~

src/renderer/src/admin/profiles/context/profile-context.tsx:15:3 - error TS6133: 'ProxyConfig' is declared but its value is never read.

15   ProxyConfig,
     ~~~~~~~~~~~

src/renderer/src/admin/profiles/context/profile-context.tsx:287:11 - error TS2322: Type 'null' is not assignable to type 'ProxyConfig | undefined'.

287           proxy: null
              ~~~~~

src/renderer/src/admin/profiles/index.tsx:2:1 - error TS6192: All imports in import declaration are unused.

2 import { QueryClient, QueryClientProvider } from '@tanstack/react-query'
  ~~~~~~~~~~~~~~~~~~~~~~~~~~~~~~~~~~~~~~~~~~~~~~~~~~~~~~~~~~~~~~~~~~~~~~~~

src/renderer/src/admin/profiles/profile-dashboard/index.tsx:1:8 - error TS6133: 'React' is declared but its value is never read.

1 import React, { useState, useEffect, useMemo } from 'react';
         ~~~~~

src/renderer/src/admin/profiles/profile-dashboard/index.tsx:12:1 - error TS6192: All imports in import declaration are unused.

 12 import {
    ~~~~~~~~
 13   DropdownMenu,
    ~~~~~~~~~~~~~~~
...
 18   DropdownMenuTrigger
    ~~~~~~~~~~~~~~~~~~~~~
 19 } from '@/components/ui/dropdown-menu';
    ~~~~~~~~~~~~~~~~~~~~~~~~~~~~~~~~~~~~~~~

src/renderer/src/admin/profiles/profile-dashboard/index.tsx:35:3 - error TS6133: 'Filter' is declared but its value is never read.

35   Filter,
     ~~~~~~

src/renderer/src/admin/profiles/profile-dashboard/index.tsx:37:3 - error TS6133: 'MoreHorizontal' is declared but its value is never read.

37   MoreHorizontal,
     ~~~~~~~~~~~~~~

src/renderer/src/admin/profiles/profile-dashboard/index.tsx:38:3 - error TS6133: 'Trash' is declared but its value is never read.

38   Trash,
     ~~~~~

src/renderer/src/admin/profiles/profile-dashboard/index.tsx:39:3 - error TS6133: 'Edit' is declared but its value is never read.

39   Edit,
     ~~~~

src/renderer/src/admin/profiles/profile-dashboard/index.tsx:40:3 - error TS6133: 'Copy' is declared but its value is never read.

40   Copy,
     ~~~~

src/renderer/src/admin/profiles/profile-dashboard/index.tsx:41:3 - error TS6133: 'CheckCircle2' is declared but its value is never read.

41   CheckCircle2,
     ~~~~~~~~~~~~

src/renderer/src/admin/profiles/profile-dashboard/index.tsx:42:3 - error TS6133: 'XCircle' is declared but its value is never read.

42   XCircle,
     ~~~~~~~

src/renderer/src/admin/profiles/profile-dashboard/index.tsx:43:3 - error TS6133: 'AlertTriangle' is declared but its value is never read.

43   AlertTriangle,
     ~~~~~~~~~~~~~

src/renderer/src/admin/profiles/profile-dashboard/index.tsx:44:3 - error TS6133: 'Globe' is declared but its value is never read.

44   Globe,
     ~~~~~

src/renderer/src/admin/profiles/profile-dashboard/index.tsx:45:3 - error TS6133: 'Shield' is declared but its value is never read.

45   Shield,
     ~~~~~~

src/renderer/src/admin/profiles/profile-dashboard/index.tsx:46:3 - error TS6133: 'Clock' is declared but its value is never read.

46   Clock,
     ~~~~~

src/renderer/src/admin/profiles/profile-dashboard/index.tsx:47:3 - error TS6133: 'Server' is declared but its value is never read.

47   Server,
     ~~~~~~

src/renderer/src/admin/profiles/profile-dashboard/index.tsx:50:3 - error TS6133: 'Activity' is declared but its value is never read.

50   Activity,
     ~~~~~~~~

src/renderer/src/admin/profiles/profile-dashboard/index.tsx:51:3 - error TS6133: 'ExternalLink' is declared but its value is never read.

51   ExternalLink,
     ~~~~~~~~~~~~

src/renderer/src/admin/profiles/profile-dashboard/index.tsx:52:3 - error TS6133: 'RotateCw' is declared but its value is never read.

52   RotateCw,
     ~~~~~~~~

src/renderer/src/admin/profiles/profile-dashboard/index.tsx:54:3 - error TS6133: 'Monitor' is declared but its value is never read.

54   Monitor,
     ~~~~~~~

src/renderer/src/admin/profiles/profile-dashboard/index.tsx:55:3 - error TS6133: 'Chrome' is declared but its value is never read.

55   Chrome,
     ~~~~~~

src/renderer/src/admin/profiles/profile-dashboard/index.tsx:56:3 - error TS6133: 'Play' is declared but its value is never read.

56   Play,
     ~~~~

src/renderer/src/admin/profiles/profile-dashboard/index.tsx:57:3 - error TS6133: 'Square' is declared but its value is never read.

57   Square,
     ~~~~~~

src/renderer/src/admin/profiles/profile-dashboard/index.tsx:59:3 - error TS6133: 'Settings' is declared but its value is never read.

59   Settings
     ~~~~~~~~

src/renderer/src/admin/profiles/profile-dashboard/index.tsx:75:5 - error TS6133: 'proxies' is declared but its value is never read.

75     proxies,
       ~~~~~~~

src/renderer/src/admin/profiles/profile-dashboard/index.tsx:78:5 - error TS6133: 'updateProfile' is declared but its value is never read.

78     updateProfile,
       ~~~~~~~~~~~~~

src/renderer/src/admin/profiles/profile-dashboard/index.tsx:82:5 - error TS6133: 'getProfileStats' is declared but its value is never read.

82     getProfileStats,
       ~~~~~~~~~~~~~~~

src/renderer/src/admin/profiles/profile-dashboard/index.tsx:85:5 - error TS6133: 'selectProfile' is declared but its value is never read.

85     selectProfile
       ~~~~~~~~~~~~~

src/renderer/src/admin/profiles/profile-dashboard/index.tsx:92:10 - error TS6133: 'showEditDrawer' is declared but its value is never read.

92   const [showEditDrawer, setShowEditDrawer] = useState(false);
            ~~~~~~~~~~~~~~

src/renderer/src/admin/profiles/profile-dashboard/index.tsx:93:10 - error TS6133: 'selectedProfile' is declared but its value is never read.

93   const [selectedProfile, setSelectedProfile] = useState<any | null>(null);
            ~~~~~~~~~~~~~~~

src/renderer/src/admin/profiles/profile-dashboard/index.tsx:150:54 - error TS2339: Property 'metrics' does not exist on type 'Profile'.

150         ? Math.round((filteredProfiles.filter(p => p.metrics?.successfulVisits > 0).length / filteredProfiles.length) * 100)
                                                         ~~~~~~~

src/renderer/src/admin/profiles/profile-dashboard/index.tsx:226:9 - error TS2322: Type '(data: ProfileCreate) => Promise<Profile>' is not assignable to type '(data: any) => Promise<void>'.
  Type 'Promise<Profile>' is not assignable to type 'Promise<void>'.
    Type 'Profile' is not assignable to type 'void'.

226         onCreateProfile={createProfile}
            ~~~~~~~~~~~~~~~

  src/renderer/src/admin/profiles/components/profile-create-drawer.tsx:27:3
    27   onCreateProfile: (data: any) => Promise<void>;
         ~~~~~~~~~~~~~~~
    The expected type comes from property 'onCreateProfile' which is declared here on type 'IntrinsicAttributes & ProfileCreateDrawerProps'

src/renderer/src/admin/profiles/profile-dashboard/index.tsx:290:42 - error TS2322: Type 'string | undefined' is not assignable to type 'string'.
  Type 'undefined' is not assignable to type 'string'.

290                     <SelectItem key={os} value={os}>{os}</SelectItem>
                                             ~~~~~

  node_modules/@radix-ui/react-select/dist/index.d.mts:93:5
    93     value: string;
           ~~~~~
    The expected type comes from property 'value' which is declared here on type 'IntrinsicAttributes & Omit<SelectItemProps & RefAttributes<HTMLDivElement>, "ref"> & RefAttributes<...>'

src/renderer/src/admin/profiles/profile-dashboard/index.tsx:305:47 - error TS2322: Type 'string | undefined' is not assignable to type 'string'.
  Type 'undefined' is not assignable to type 'string'.

305                     <SelectItem key={browser} value={browser}>{browser}</SelectItem>
                                                  ~~~~~

  node_modules/@radix-ui/react-select/dist/index.d.mts:93:5
    93     value: string;
           ~~~~~
    The expected type comes from property 'value' which is declared here on type 'IntrinsicAttributes & Omit<SelectItemProps & RefAttributes<HTMLDivElement>, "ref"> & RefAttributes<...>'

src/renderer/src/admin/profiles/profile-dashboard/index.tsx:455:73 - error TS2339: Property 'averageAge' does not exist on type '{ totalProfiles: number; activeProfiles: number; browsers: number; operatingSystems: number; withProxy: number; successRate: number; }'.

455                     <span className="text-sm font-medium">{profileStats.averageAge} days</span>
                                                                            ~~~~~~~~~~

src/renderer/src/admin/profiles/profile-dashboard/profile-actions-responsive.tsx:1:27 - error TS6133: 'useEffect' is declared but its value is never read.

1 import React, { useState, useEffect } from 'react';
                            ~~~~~~~~~

src/renderer/src/admin/profiles/profile-dashboard/profile-actions-responsive.tsx:21:1 - error TS6133: 'Skeleton' is declared but its value is never read.

21 import { Skeleton } from '@/components/ui/skeleton';
   ~~~~~~~~~~~~~~~~~~~~~~~~~~~~~~~~~~~~~~~~~~~~~~~~~~~~

src/renderer/src/admin/profiles/profile-dashboard/profile-actions-responsive.tsx:26:3 - error TS6133: 'Copy' is declared but its value is never read.

26   Copy,
     ~~~~

src/renderer/src/admin/profiles/profile-dashboard/profile-actions-responsive.tsx:27:3 - error TS6133: 'Layers' is declared but its value is never read.

27   Layers,
     ~~~~~~

src/renderer/src/admin/profiles/profile-dashboard/profile-actions-responsive.tsx:28:3 - error TS6133: 'Settings' is declared but its value is never read.

28   Settings,
     ~~~~~~~~

src/renderer/src/admin/profiles/profile-dashboard/profile-actions-responsive.tsx:29:3 - error TS6133: 'Check' is declared but its value is never read.

29   Check
     ~~~~~

src/renderer/src/admin/profiles/profile-dashboard/profile-actions-responsive.tsx:32:1 - error TS6192: All imports in import declaration are unused.

32 import { ProfileCreate, Profile, ProfileUpdate } from '../api';
   ~~~~~~~~~~~~~~~~~~~~~~~~~~~~~~~~~~~~~~~~~~~~~~~~~~~~~~~~~~~~~~~

src/renderer/src/admin/profiles/profile-dashboard/profile-actions-responsive.tsx:33:32 - error TS2307: Cannot find module '../components/ui/gradient-border' or its corresponding type declarations.

33 import { GradientBorder } from '../components/ui/gradient-border';
                                  ~~~~~~~~~~~~~~~~~~~~~~~~~~~~~~~~~~

src/renderer/src/admin/profiles/profile-dashboard/profile-actions-responsive.tsx:34:26 - error TS2307: Cannot find module '../components/ui/neon-text' or its corresponding type declarations.

34 import { NeonText } from '../components/ui/neon-text';
                            ~~~~~~~~~~~~~~~~~~~~~~~~~~~~

src/renderer/src/admin/profiles/profile-dashboard/profile-actions-responsive.tsx:35:1 - error TS6133: 'GlassCard' is declared but its value is never read.

35 import { GlassCard } from '../components/ui/glass-card';
   ~~~~~~~~~~~~~~~~~~~~~~~~~~~~~~~~~~~~~~~~~~~~~~~~~~~~~~~~

src/renderer/src/admin/profiles/profile-dashboard/profile-actions-responsive.tsx:35:27 - error TS2307: Cannot find module '../components/ui/glass-card' or its corresponding type declarations.

35 import { GlassCard } from '../components/ui/glass-card';
                             ~~~~~~~~~~~~~~~~~~~~~~~~~~~~~

src/renderer/src/admin/profiles/profile-dashboard/profile-actions-responsive.tsx:46:3 - error TS6133: 'onImport' is declared but its value is never read.

46   onImport,
     ~~~~~~~~

src/renderer/src/admin/profiles/profile-dashboard/profile-actions-responsive.tsx:47:3 - error TS6133: 'onCreate' is declared but its value is never read.

47   onCreate,
     ~~~~~~~~

src/renderer/src/admin/profiles/profile-dashboard/profile-actions-responsive.tsx:50:9 - error TS6133: 'profiles' is declared but its value is never read.

50   const { profiles } = useProfiles();
           ~~~~~~~~~~~~

src/renderer/src/admin/profiles/profile-dashboard/profile-actions-responsive.tsx:53:10 - error TS6133: 'isImporting' is declared but its value is never read.

53   const [isImporting, setIsImporting] = useState(false);
            ~~~~~~~~~~~

src/renderer/src/admin/profiles/profile-dashboard/profile-actions-responsive.tsx:53:23 - error TS6133: 'setIsImporting' is declared but its value is never read.

53   const [isImporting, setIsImporting] = useState(false);
                         ~~~~~~~~~~~~~~

src/renderer/src/admin/profiles/profile-dashboard/profile-actions-responsive.tsx:55:10 - error TS6133: 'importFile' is declared but its value is never read.

55   const [importFile, setImportFile] = useState<File | null>(null);
            ~~~~~~~~~~

src/renderer/src/admin/profiles/profile-dashboard/profile-actions-responsive.tsx:55:22 - error TS6133: 'setImportFile' is declared but its value is never read.

55   const [importFile, setImportFile] = useState<File | null>(null);
                        ~~~~~~~~~~~~~

src/renderer/src/admin/profiles/profile-dashboard/profile-actions-responsive.tsx:56:10 - error TS6133: 'importResult' is declared but its value is never read.

56   const [importResult, setImportResult] = useState<{ success: number; errors: number } | null>(null);
            ~~~~~~~~~~~~

src/renderer/src/admin/profiles/profile-dashboard/profile-actions-responsive.tsx:56:24 - error TS6133: 'setImportResult' is declared but its value is never read.

56   const [importResult, setImportResult] = useState<{ success: number; errors: number } | null>(null);
                          ~~~~~~~~~~~~~~~

src/renderer/src/admin/profiles/profile-dashboard/profile-actions-responsive.tsx:93:28 - error TS2339: Property 'proxy' does not exist on type '{ os: string; browser: string; autoAssignProxy: boolean; countryCode: string; }'.

93     if (newProfile.config?.proxy) {
                              ~~~~~

src/renderer/src/admin/profiles/profile-dashboard/profile-actions-responsive.tsx:95:30 - error TS2339: Property 'proxy' does not exist on type '{ os: string; browser: string; autoAssignProxy: boolean; countryCode: string; }'.

95         ...newProfile.config.proxy,
                                ~~~~~

src/renderer/src/admin/profiles/profile-dashboard/profile-actions-responsive.tsx:104:28 - error TS2339: Property 'proxy' does not exist on type '{ os: string; browser: string; autoAssignProxy: boolean; countryCode: string; }'.

104     if (newProfile.config?.proxy) {
                               ~~~~~

src/renderer/src/admin/profiles/profile-dashboard/profile-actions-responsive.tsx:106:30 - error TS2339: Property 'proxy' does not exist on type '{ os: string; browser: string; autoAssignProxy: boolean; countryCode: string; }'.

106         ...newProfile.config.proxy,
                                 ~~~~~

src/renderer/src/admin/profiles/profile-dashboard/profile-actions-responsive.tsx:115:28 - error TS2339: Property 'proxy' does not exist on type '{ os: string; browser: string; autoAssignProxy: boolean; countryCode: string; }'.

115     if (newProfile.config?.proxy) {
                               ~~~~~

src/renderer/src/admin/profiles/profile-dashboard/profile-actions-responsive.tsx:117:30 - error TS2339: Property 'proxy' does not exist on type '{ os: string; browser: string; autoAssignProxy: boolean; countryCode: string; }'.

117         ...newProfile.config.proxy,
                                 ~~~~~

src/renderer/src/admin/profiles/profile-dashboard/profile-actions-responsive.tsx:126:28 - error TS2339: Property 'proxy' does not exist on type '{ os: string; browser: string; autoAssignProxy: boolean; countryCode: string; }'.

126     if (newProfile.config?.proxy) {
                               ~~~~~

src/renderer/src/admin/profiles/profile-dashboard/profile-actions-responsive.tsx:128:30 - error TS2339: Property 'proxy' does not exist on type '{ os: string; browser: string; autoAssignProxy: boolean; countryCode: string; }'.

128         ...newProfile.config.proxy,
                                 ~~~~~

src/renderer/src/admin/profiles/profile-dashboard/profile-actions-responsive.tsx:137:28 - error TS2339: Property 'proxy' does not exist on type '{ os: string; browser: string; autoAssignProxy: boolean; countryCode: string; }'.

137     if (newProfile.config?.proxy) {
                               ~~~~~

src/renderer/src/admin/profiles/profile-dashboard/profile-actions-responsive.tsx:139:30 - error TS2339: Property 'proxy' does not exist on type '{ os: string; browser: string; autoAssignProxy: boolean; countryCode: string; }'.

139         ...newProfile.config.proxy,
                                 ~~~~~

src/renderer/src/admin/profiles/profile-dashboard/profile-actions-responsive.tsx:166:13 - error TS2304: Cannot find name 'onCreateProfile'.

166       await onCreateProfile(profileData);
                ~~~~~~~~~~~~~~~

src/renderer/src/admin/profiles/profile-dashboard/profile-actions-responsive.tsx:322:45 - error TS2339: Property 'proxy' does not exist on type '{ os: string; browser: string; autoAssignProxy: boolean; countryCode: string; }'.

322                   value={newProfile.config?.proxy ? 'custom' : 'none'}
                                                ~~~~~

src/renderer/src/admin/profiles/profile-dashboard/profile-actions-responsive.tsx:328:47 - error TS2339: Property 'proxy' does not exist on type '{ os: string; browser: string; autoAssignProxy: boolean; countryCode: string; }'.

328                       if (!newProfile.config?.proxy) {
                                                  ~~~~~

src/renderer/src/admin/profiles/profile-dashboard/profile-actions-responsive.tsx:341:35 - error TS2304: Cannot find name 'constructProxyServer'.

341                           server: constructProxyServer(protocol, host, port),
                                      ~~~~~~~~~~~~~~~~~~~~

src/renderer/src/admin/profiles/profile-dashboard/profile-actions-responsive.tsx:358:37 - error TS2339: Property 'proxy' does not exist on type '{ os: string; browser: string; autoAssignProxy: boolean; countryCode: string; }'.

358                 {newProfile.config?.proxy && (
                                        ~~~~~

src/renderer/src/admin/profiles/profile-dashboard/profile-actions-responsive.tsx:364:50 - error TS2339: Property 'proxy' does not exist on type '{ os: string; browser: string; autoAssignProxy: boolean; countryCode: string; }'.

364                         value={newProfile.config.proxy.protocol || 'http'}
                                                     ~~~~~

src/renderer/src/admin/profiles/profile-dashboard/profile-actions-responsive.tsx:386:52 - error TS2339: Property 'proxy' does not exist on type '{ os: string; browser: string; autoAssignProxy: boolean; countryCode: string; }'.

386                           value={newProfile.config.proxy.host || ''}
                                                       ~~~~~

src/renderer/src/admin/profiles/profile-dashboard/profile-actions-responsive.tsx:396:52 - error TS2339: Property 'proxy' does not exist on type '{ os: string; browser: string; autoAssignProxy: boolean; countryCode: string; }'.

396                           value={newProfile.config.proxy.port?.toString() || ''}
                                                       ~~~~~

src/renderer/src/admin/profiles/profile-dashboard/profile-actions-responsive.tsx:409:52 - error TS2339: Property 'proxy' does not exist on type '{ os: string; browser: string; autoAssignProxy: boolean; countryCode: string; }'.

409                           value={newProfile.config.proxy.username || ''}
                                                       ~~~~~

src/renderer/src/admin/profiles/profile-dashboard/profile-actions-responsive.tsx:420:52 - error TS2339: Property 'proxy' does not exist on type '{ os: string; browser: string; autoAssignProxy: boolean; countryCode: string; }'.

420                           value={newProfile.config.proxy.password || ''}
                                                       ~~~~~

src/renderer/src/admin/profiles/profile-dashboard/profile-actions-responsive.tsx:427:41 - error TS2339: Property 'proxy' does not exist on type '{ os: string; browser: string; autoAssignProxy: boolean; countryCode: string; }'.

427                     {newProfile.config?.proxy?.protocol === 'socks5' &&
                                            ~~~~~

src/renderer/src/admin/profiles/profile-dashboard/profile-actions-responsive.tsx:428:42 - error TS2339: Property 'proxy' does not exist on type '{ os: string; browser: string; autoAssignProxy: boolean; countryCode: string; }'.

428                      (newProfile.config?.proxy?.username || newProfile.config?.proxy?.password) && (
                                             ~~~~~

src/renderer/src/admin/profiles/profile-dashboard/profile-actions-responsive.tsx:428:80 - error TS2339: Property 'proxy' does not exist on type '{ os: string; browser: string; autoAssignProxy: boolean; countryCode: string; }'.

428                      (newProfile.config?.proxy?.username || newProfile.config?.proxy?.password) && (
                                                                                   ~~~~~

src/renderer/src/admin/profiles/profile-dashboard/profile-actions-responsive.tsx:458:51 - error TS2339: Property 'humanize' does not exist on type '{ os: string; browser: string; autoAssignProxy: boolean; countryCode: string; }'.

458                       checked={newProfile.config?.humanize}
                                                      ~~~~~~~~

src/renderer/src/admin/profiles/profile-dashboard/profile-actions-responsive.tsx:468:51 - error TS2339: Property 'block_webrtc' does not exist on type '{ os: string; browser: string; autoAssignProxy: boolean; countryCode: string; }'.

468                       checked={newProfile.config?.block_webrtc}
                                                      ~~~~~~~~~~~~

src/renderer/src/admin/profiles/profile-dashboard/profile-actions-responsive.tsx:478:51 - error TS2339: Property 'geoip' does not exist on type '{ os: string; browser: string; autoAssignProxy: boolean; countryCode: string; }'.

478                       checked={newProfile.config?.geoip}
                                                      ~~~~~

src/renderer/src/admin/profiles/profile-dashboard/profile-actions-responsive.tsx:495:20 - error TS2304: Cannot find name 'Loader2'.

495                   <Loader2 className="mr-2 h-4 w-4 animate-spin" />
                       ~~~~~~~

src/renderer/src/admin/profiles/profile-dashboard/profile-actions.tsx:1:17 - error TS6133: 'useState' is declared but its value is never read.

1 import React, { useState, useEffect } from 'react';
                  ~~~~~~~~

src/renderer/src/admin/profiles/profile-dashboard/profile-actions.tsx:1:27 - error TS6133: 'useEffect' is declared but its value is never read.

1 import React, { useState, useEffect } from 'react';
                            ~~~~~~~~~

src/renderer/src/admin/profiles/profile-dashboard/profile-actions.tsx:21:1 - error TS6133: 'Skeleton' is declared but its value is never read.

21 import { Skeleton } from '@/components/ui/skeleton';
   ~~~~~~~~~~~~~~~~~~~~~~~~~~~~~~~~~~~~~~~~~~~~~~~~~~~~

src/renderer/src/admin/profiles/profile-dashboard/profile-actions.tsx:26:3 - error TS6133: 'Copy' is declared but its value is never read.

26   Copy,
     ~~~~

src/renderer/src/admin/profiles/profile-dashboard/profile-actions.tsx:27:3 - error TS6133: 'Layers' is declared but its value is never read.

27   Layers,
     ~~~~~~

src/renderer/src/admin/profiles/profile-dashboard/profile-actions.tsx:28:3 - error TS6133: 'Settings' is declared but its value is never read.

28   Settings,
     ~~~~~~~~

src/renderer/src/admin/profiles/profile-dashboard/profile-actions.tsx:29:3 - error TS6133: 'Check' is declared but its value is never read.

29   Check
     ~~~~~

src/renderer/src/admin/profiles/profile-dashboard/profile-actions.tsx:31:1 - error TS6133: 'useProfiles' is declared but its value is never read.

31 import { useProfiles } from '../context/profile-context';
   ~~~~~~~~~~~~~~~~~~~~~~~~~~~~~~~~~~~~~~~~~~~~~~~~~~~~~~~~~

src/renderer/src/admin/profiles/profile-dashboard/profile-actions.tsx:32:1 - error TS6192: All imports in import declaration are unused.

32 import { ProfileCreate, Profile, ProfileUpdate } from '../api';
   ~~~~~~~~~~~~~~~~~~~~~~~~~~~~~~~~~~~~~~~~~~~~~~~~~~~~~~~~~~~~~~~

src/renderer/src/admin/profiles/profile-dashboard/profile-actions.tsx:33:32 - error TS2307: Cannot find module '../components/ui/gradient-border' or its corresponding type declarations.

33 import { GradientBorder } from '../components/ui/gradient-border';
                                  ~~~~~~~~~~~~~~~~~~~~~~~~~~~~~~~~~~

src/renderer/src/admin/profiles/profile-dashboard/profile-actions.tsx:34:26 - error TS2307: Cannot find module '../components/ui/neon-text' or its corresponding type declarations.

34 import { NeonText } from '../components/ui/neon-text';
                            ~~~~~~~~~~~~~~~~~~~~~~~~~~~~

src/renderer/src/admin/profiles/profile-dashboard/profile-actions.tsx:35:1 - error TS6133: 'GlassCard' is declared but its value is never read.

35 import { GlassCard } from '../components/ui/glass-card';
   ~~~~~~~~~~~~~~~~~~~~~~~~~~~~~~~~~~~~~~~~~~~~~~~~~~~~~~~~

src/renderer/src/admin/profiles/profile-dashboard/profile-actions.tsx:35:27 - error TS2307: Cannot find module '../components/ui/glass-card' or its corresponding type declarations.

35 import { GlassCard } from '../components/ui/glass-card';
                             ~~~~~~~~~~~~~~~~~~~~~~~~~~~~~

src/renderer/src/admin/profiles/profile-dashboard/profile-delete-dialog.tsx:4:28 - error TS2307: Cannot find module '../../context/numbers-context' or its corresponding type declarations.

4 import { useNumbers } from '../../context/numbers-context'
                             ~~~~~~~~~~~~~~~~~~~~~~~~~~~~~~~

src/renderer/src/admin/profiles/profile-dashboard/profile-delete-dialog.tsx:5:28 - error TS2307: Cannot find module '../../api/numbers-api' or its corresponding type declarations.

5 import { numbersApi } from '../../api/numbers-api'
                             ~~~~~~~~~~~~~~~~~~~~~~~

src/renderer/src/admin/profiles/profile-dashboard/profile-details.tsx:3:3 - error TS6133: 'Card' is declared but its value is never read.

3   Card,
    ~~~~

src/renderer/src/admin/profiles/profile-dashboard/profile-details.tsx:8:3 - error TS6133: 'CardTitle' is declared but its value is never read.

8   CardTitle
    ~~~~~~~~~

src/renderer/src/admin/profiles/profile-dashboard/profile-details.tsx:27:3 - error TS6133: 'Clock' is declared but its value is never read.

27   Clock,
     ~~~~~

src/renderer/src/admin/profiles/profile-dashboard/profile-details.tsx:28:3 - error TS6133: 'Calendar' is declared but its value is never read.

28   Calendar,
     ~~~~~~~~

src/renderer/src/admin/profiles/profile-dashboard/profile-details.tsx:29:3 - error TS6133: 'CheckCircle2' is declared but its value is never read.

29   CheckCircle2,
     ~~~~~~~~~~~~

src/renderer/src/admin/profiles/profile-dashboard/profile-details.tsx:30:3 - error TS6133: 'XCircle' is declared but its value is never read.

30   XCircle,
     ~~~~~~~

src/renderer/src/admin/profiles/profile-dashboard/profile-details.tsx:31:3 - error TS6133: 'AlertCircle' is declared but its value is never read.

31   AlertCircle,
     ~~~~~~~~~~~

src/renderer/src/admin/profiles/profile-dashboard/profile-details.tsx:32:3 - error TS6133: 'Layers' is declared but its value is never read.

32   Layers,
     ~~~~~~

src/renderer/src/admin/profiles/profile-dashboard/profile-details.tsx:34:3 - error TS6133: 'ExternalLink' is declared but its value is never read.

34   ExternalLink,
     ~~~~~~~~~~~~

src/renderer/src/admin/profiles/profile-dashboard/profile-details.tsx:38:1 - error TS6192: All imports in import declaration are unused.

38 import { Tooltip, TooltipContent, TooltipProvider, TooltipTrigger } from '@/components/ui/tooltip';
   ~~~~~~~~~~~~~~~~~~~~~~~~~~~~~~~~~~~~~~~~~~~~~~~~~~~~~~~~~~~~~~~~~~~~~~~~~~~~~~~~~~~~~~~~~~~~~~~~~~~

src/renderer/src/admin/profiles/profile-dashboard/profile-details.tsx:39:1 - error TS6133: 'Separator' is declared but its value is never read.

39 import { Separator } from '@/components/ui/separator';
   ~~~~~~~~~~~~~~~~~~~~~~~~~~~~~~~~~~~~~~~~~~~~~~~~~~~~~~

src/renderer/src/admin/profiles/profile-dashboard/profile-details.tsx:44:27 - error TS2307: Cannot find module '../components/ui/glass-card' or its corresponding type declarations.

44 import { GlassCard } from '../components/ui/glass-card';
                             ~~~~~~~~~~~~~~~~~~~~~~~~~~~~~

src/renderer/src/admin/profiles/profile-dashboard/profile-details.tsx:45:32 - error TS2307: Cannot find module '../components/ui/gradient-border' or its corresponding type declarations.

45 import { GradientBorder } from '../components/ui/gradient-border';
                                  ~~~~~~~~~~~~~~~~~~~~~~~~~~~~~~~~~~

src/renderer/src/admin/profiles/profile-dashboard/profile-details.tsx:46:26 - error TS2307: Cannot find module '../components/ui/neon-text' or its corresponding type declarations.

46 import { NeonText } from '../components/ui/neon-text';
                            ~~~~~~~~~~~~~~~~~~~~~~~~~~~~

src/renderer/src/admin/profiles/profile-dashboard/profile-details.tsx:47:30 - error TS2307: Cannot find module '../components/ui/morphism-card' or its corresponding type declarations.

47 import { MorphismCard } from '../components/ui/morphism-card';
                                ~~~~~~~~~~~~~~~~~~~~~~~~~~~~~~~~

src/renderer/src/admin/profiles/profile-dashboard/profile-details.tsx:61:5 - error TS6133: 'assignProxyToProfile' is declared but its value is never read.

61     assignProxyToProfile,
       ~~~~~~~~~~~~~~~~~~~~

src/renderer/src/admin/profiles/profile-dashboard/profile-details.tsx:63:5 - error TS6133: 'proxies' is declared but its value is never read.

63     proxies,
       ~~~~~~~

src/renderer/src/admin/profiles/profile-dashboard/profile-details.tsx:80:9 - error TS6133: 'launchTime' is declared but its value is never read.

80   const launchTime = activeProfiles[profile.id]?.launchTime;
           ~~~~~~~~~~

src/renderer/src/admin/profiles/profile-dashboard/profile-details.tsx:102:9 - error TS6133: 'formatExactDate' is declared but its value is never read.

102   const formatExactDate = (dateString?: string) => {
            ~~~~~~~~~~~~~~~

src/renderer/src/admin/profiles/profile-dashboard/profile-details.tsx:122:65 - error TS6133: 'key' is declared but its value is never read.

122       const cleanData = JSON.parse(JSON.stringify(displayData, (key, value) => {
                                                                    ~~~

src/renderer/src/admin/profiles/profile-dashboard/profile-details.tsx:751:7 - error TS2322: Type '(id: string, data: ProfileUpdate) => Promise<Profile>' is not assignable to type '(id: string, data: ProfileUpdate) => Promise<void>'.
  Type 'Promise<Profile>' is not assignable to type 'Promise<void>'.
    Type 'Profile' is not assignable to type 'void'.

751       onUpdateProfile={updateProfile}
          ~~~~~~~~~~~~~~~

  src/renderer/src/admin/profiles/components/profile-edit-modal.tsx:28:3
    28   onUpdateProfile: (id: string, data: ProfileUpdate) => Promise<void>;
         ~~~~~~~~~~~~~~~
    The expected type comes from property 'onUpdateProfile' which is declared here on type 'IntrinsicAttributes & ProfileEditModalProps'

src/renderer/src/admin/profiles/profile-dashboard/profiles-grid.tsx:1:8 - error TS6133: 'React' is declared but its value is never read.

1 import React, { useState } from 'react';
         ~~~~~

src/renderer/src/admin/profiles/profile-dashboard/profiles-grid.tsx:27:3 - error TS6133: 'Copy' is declared but its value is never read.

27   Copy,
     ~~~~

src/renderer/src/admin/profiles/profile-dashboard/profiles-grid.tsx:28:3 - error TS6133: 'ExternalLink' is declared but its value is never read.

28   ExternalLink,
     ~~~~~~~~~~~~

src/renderer/src/admin/profiles/profile-dashboard/profiles-grid.tsx:33:3 - error TS6133: 'Clock' is declared but its value is never read.

33   Clock,
     ~~~~~

src/renderer/src/admin/profiles/profile-dashboard/profiles-table.tsx:1:8 - error TS6133: 'React' is declared but its value is never read.

1 import React, { useState } from 'react';
         ~~~~~

src/renderer/src/admin/profiles/profile-dashboard/profiles-table.tsx:20:1 - error TS6133: 'FingerprintDialog' is declared but its value is never read.

20 import { FingerprintDialog } from '@/admin/profiles/components/fingerprint-dialog';
   ~~~~~~~~~~~~~~~~~~~~~~~~~~~~~~~~~~~~~~~~~~~~~~~~~~~~~~~~~~~~~~~~~~~~~~~~~~~~~~~~~~~

src/renderer/src/admin/profiles/profile-dashboard/profiles-table.tsx:33:3 - error TS6133: 'Clock' is declared but its value is never read.

33   Clock,
     ~~~~~

src/renderer/src/admin/profiles/profile-dashboard/profiles-table.tsx:60:10 - error TS6133: 'isDialogOpen' is declared but its value is never read.

60   const [isDialogOpen, setIsDialogOpen] = useState(false);
            ~~~~~~~~~~~~

src/renderer/src/admin/profiles/profile-dashboard/profiles-table.tsx:60:24 - error TS6133: 'setIsDialogOpen' is declared but its value is never read.

60   const [isDialogOpen, setIsDialogOpen] = useState(false);
                          ~~~~~~~~~~~~~~~

src/renderer/src/admin/profiles/profile-dashboard/profiles-table.tsx:61:10 - error TS6133: 'selectedProfile' is declared but its value is never read.

61   const [selectedProfile, setSelectedProfile] = useState<{id: string, name: string} | null>(null);
            ~~~~~~~~~~~~~~~

src/renderer/src/admin/profiles/profile-dashboard/profiles-table.tsx:61:27 - error TS6133: 'setSelectedProfile' is declared but its value is never read.

61   const [selectedProfile, setSelectedProfile] = useState<{id: string, name: string} | null>(null);
                             ~~~~~~~~~~~~~~~~~~

src/renderer/src/admin/proxies/api/proxies-api.ts:6:3 - error TS6196: 'ProxyStats' is declared but never used.

6   ProxyStats
    ~~~~~~~~~~

src/renderer/src/admin/proxies/api/proxies-api.ts:51:18 - error TS6133: 'id' is declared but its value is never read.

51   update: async (id: string, data: UpdateProxy) => {
                    ~~

src/renderer/src/admin/proxies/api/proxies-api.ts:51:30 - error TS6133: 'data' is declared but its value is never read.

51   update: async (id: string, data: UpdateProxy) => {
                                ~~~~

src/renderer/src/admin/proxies/api/proxies-api.ts:75:32 - error TS2339: Property 'imported' does not exist on type 'AxiosResponse<any, any, {}>'.

75       if (response && response.imported !== undefined) {
                                  ~~~~~~~~

src/renderer/src/admin/proxies/api/proxies-api.ts:77:30 - error TS2339: Property 'imported' does not exist on type 'AxiosResponse<any, any, {}>'.

77           imported: response.imported || 0,
                                ~~~~~~~~

src/renderer/src/admin/proxies/api/proxies-api.ts:78:28 - error TS2339: Property 'errors' does not exist on type 'AxiosResponse<any, any, {}>'.

78           errors: response.errors || 0
                              ~~~~~~

src/renderer/src/admin/proxies/components/data-table-row-actions.tsx:90:25 - error TS2339: Property 'rotation' does not exist on type 'ProxyConfig'.

90           {row.original.rotation?.enabled && (
                           ~~~~~~~~

src/renderer/src/admin/proxies/components/proxies-dashboard/index-updated.tsx:1:8 - error TS6133: 'React' is declared but its value is never read.

1 import React, { useState, useEffect, useRef } from 'react';
         ~~~~~

src/renderer/src/admin/proxies/components/proxies-dashboard/index-updated.tsx:1:38 - error TS6133: 'useRef' is declared but its value is never read.

1 import React, { useState, useEffect, useRef } from 'react';
                                       ~~~~~~

src/renderer/src/admin/proxies/components/proxies-dashboard/index-updated.tsx:12:1 - error TS6192: All imports in import declaration are unused.

 12 import {
    ~~~~~~~~
 13   DropdownMenu,
    ~~~~~~~~~~~~~~~
...
 18   DropdownMenuTrigger
    ~~~~~~~~~~~~~~~~~~~~~
 19 } from '@/components/ui/dropdown-menu';
    ~~~~~~~~~~~~~~~~~~~~~~~~~~~~~~~~~~~~~~~

src/renderer/src/admin/proxies/components/proxies-dashboard/index-updated.tsx:30:1 - error TS6133: 'Skeleton' is declared but its value is never read.

30 import { Skeleton } from '@/components/ui/skeleton';
   ~~~~~~~~~~~~~~~~~~~~~~~~~~~~~~~~~~~~~~~~~~~~~~~~~~~~

src/renderer/src/admin/proxies/components/proxies-dashboard/index-updated.tsx:35:3 - error TS6133: 'Filter' is declared but its value is never read.

35   Filter,
     ~~~~~~

src/renderer/src/admin/proxies/components/proxies-dashboard/index-updated.tsx:37:3 - error TS6133: 'MoreHorizontal' is declared but its value is never read.

37   MoreHorizontal,
     ~~~~~~~~~~~~~~

src/renderer/src/admin/proxies/components/proxies-dashboard/index-updated.tsx:38:3 - error TS6133: 'Trash' is declared but its value is never read.

38   Trash,
     ~~~~~

src/renderer/src/admin/proxies/components/proxies-dashboard/index-updated.tsx:39:3 - error TS6133: 'Edit' is declared but its value is never read.

39   Edit,
     ~~~~

src/renderer/src/admin/proxies/components/proxies-dashboard/index-updated.tsx:40:3 - error TS6133: 'Copy' is declared but its value is never read.

40   Copy,
     ~~~~

src/renderer/src/admin/proxies/components/proxies-dashboard/index-updated.tsx:42:3 - error TS6133: 'XCircle' is declared but its value is never read.

42   XCircle,
     ~~~~~~~

src/renderer/src/admin/proxies/components/proxies-dashboard/index-updated.tsx:43:3 - error TS6133: 'AlertTriangle' is declared but its value is never read.

43   AlertTriangle,
     ~~~~~~~~~~~~~

src/renderer/src/admin/proxies/components/proxies-dashboard/index-updated.tsx:44:3 - error TS6133: 'Globe' is declared but its value is never read.

44   Globe,
     ~~~~~

src/renderer/src/admin/proxies/components/proxies-dashboard/index-updated.tsx:45:3 - error TS6133: 'Shield' is declared but its value is never read.

45   Shield,
     ~~~~~~

src/renderer/src/admin/proxies/components/proxies-dashboard/index-updated.tsx:46:3 - error TS6133: 'Clock' is declared but its value is never read.

46   Clock,
     ~~~~~

src/renderer/src/admin/proxies/components/proxies-dashboard/index-updated.tsx:50:3 - error TS6133: 'Activity' is declared but its value is never read.

50   Activity,
     ~~~~~~~~

src/renderer/src/admin/proxies/components/proxies-dashboard/index-updated.tsx:51:3 - error TS6133: 'ExternalLink' is declared but its value is never read.

51   ExternalLink,
     ~~~~~~~~~~~~

src/renderer/src/admin/proxies/components/proxies-dashboard/index-updated.tsx:52:3 - error TS6133: 'RotateCw' is declared but its value is never read.

52   RotateCw,
     ~~~~~~~~

src/renderer/src/admin/proxies/components/proxies-dashboard/index-updated.tsx:53:3 - error TS6133: 'Upload' is declared but its value is never read.

53   Upload
     ~~~~~~

src/renderer/src/admin/proxies/components/proxies-dashboard/index-updated.tsx:55:1 - error TS6192: All imports in import declaration are unused.

55 import { Tooltip, TooltipContent, TooltipProvider, TooltipTrigger } from '@/components/ui/tooltip';
   ~~~~~~~~~~~~~~~~~~~~~~~~~~~~~~~~~~~~~~~~~~~~~~~~~~~~~~~~~~~~~~~~~~~~~~~~~~~~~~~~~~~~~~~~~~~~~~~~~~~

src/renderer/src/admin/proxies/components/proxies-dashboard/index-updated.tsx:56:1 - error TS6133: 'Switch' is declared but its value is never read.

56 import { Switch } from '@/components/ui/switch';
   ~~~~~~~~~~~~~~~~~~~~~~~~~~~~~~~~~~~~~~~~~~~~~~~~

src/renderer/src/admin/proxies/components/proxies-dashboard/index-updated.tsx:57:1 - error TS6133: 'Label' is declared but its value is never read.

57 import { Label } from '@/components/ui/label';
   ~~~~~~~~~~~~~~~~~~~~~~~~~~~~~~~~~~~~~~~~~~~~~~

src/renderer/src/admin/proxies/components/proxies-dashboard/index-updated.tsx:62:37 - error TS2307: Cannot find module './proxies-mutate-drawer-updated' or its corresponding type declarations.

62 import { ProxiesMutateDrawer } from './proxies-mutate-drawer-updated';
                                       ~~~~~~~~~~~~~~~~~~~~~~~~~~~~~~~~~

src/renderer/src/admin/proxies/components/proxies-dashboard/index-updated.tsx:79:13 - error TS6196: 'ExtendedProxy' is declared but never used.

79   interface ExtendedProxy extends ProxyConfig {
               ~~~~~~~~~~~~~

src/renderer/src/admin/proxies/components/proxies-dashboard/index-updated.tsx:230:47 - error TS2322: Type 'string | undefined' is not assignable to type 'string'.
  Type 'undefined' is not assignable to type 'string'.

230                     <SelectItem key={country} value={country}>{country}</SelectItem>
                                                  ~~~~~

  node_modules/@radix-ui/react-select/dist/index.d.mts:93:5
    93     value: string;
           ~~~~~
    The expected type comes from property 'value' which is declared here on type 'IntrinsicAttributes & Omit<SelectItemProps & RefAttributes<HTMLDivElement>, "ref"> & RefAttributes<...>'

src/renderer/src/admin/proxies/components/proxies-dashboard/index.tsx:1:8 - error TS6133: 'React' is declared but its value is never read.

1 import React, { useState, useEffect, useRef } from 'react';
         ~~~~~

src/renderer/src/admin/proxies/components/proxies-dashboard/index.tsx:1:38 - error TS6133: 'useRef' is declared but its value is never read.

1 import React, { useState, useEffect, useRef } from 'react';
                                       ~~~~~~

src/renderer/src/admin/proxies/components/proxies-dashboard/index.tsx:12:1 - error TS6192: All imports in import declaration are unused.

 12 import {
    ~~~~~~~~
 13   DropdownMenu,
    ~~~~~~~~~~~~~~~
...
 18   DropdownMenuTrigger
    ~~~~~~~~~~~~~~~~~~~~~
 19 } from '@/components/ui/dropdown-menu';
    ~~~~~~~~~~~~~~~~~~~~~~~~~~~~~~~~~~~~~~~

src/renderer/src/admin/proxies/components/proxies-dashboard/index.tsx:30:1 - error TS6133: 'Skeleton' is declared but its value is never read.

30 import { Skeleton } from '@/components/ui/skeleton';
   ~~~~~~~~~~~~~~~~~~~~~~~~~~~~~~~~~~~~~~~~~~~~~~~~~~~~

src/renderer/src/admin/proxies/components/proxies-dashboard/index.tsx:35:3 - error TS6133: 'Filter' is declared but its value is never read.

35   Filter,
     ~~~~~~

src/renderer/src/admin/proxies/components/proxies-dashboard/index.tsx:37:3 - error TS6133: 'MoreHorizontal' is declared but its value is never read.

37   MoreHorizontal,
     ~~~~~~~~~~~~~~

src/renderer/src/admin/proxies/components/proxies-dashboard/index.tsx:38:3 - error TS6133: 'Trash' is declared but its value is never read.

38   Trash,
     ~~~~~

src/renderer/src/admin/proxies/components/proxies-dashboard/index.tsx:39:3 - error TS6133: 'Edit' is declared but its value is never read.

39   Edit,
     ~~~~

src/renderer/src/admin/proxies/components/proxies-dashboard/index.tsx:40:3 - error TS6133: 'Copy' is declared but its value is never read.

40   Copy,
     ~~~~

src/renderer/src/admin/proxies/components/proxies-dashboard/index.tsx:42:3 - error TS6133: 'XCircle' is declared but its value is never read.

42   XCircle,
     ~~~~~~~

src/renderer/src/admin/proxies/components/proxies-dashboard/index.tsx:43:3 - error TS6133: 'AlertTriangle' is declared but its value is never read.

43   AlertTriangle,
     ~~~~~~~~~~~~~

src/renderer/src/admin/proxies/components/proxies-dashboard/index.tsx:44:3 - error TS6133: 'Globe' is declared but its value is never read.

44   Globe,
     ~~~~~

src/renderer/src/admin/proxies/components/proxies-dashboard/index.tsx:45:3 - error TS6133: 'Shield' is declared but its value is never read.

45   Shield,
     ~~~~~~

src/renderer/src/admin/proxies/components/proxies-dashboard/index.tsx:46:3 - error TS6133: 'Clock' is declared but its value is never read.

46   Clock,
     ~~~~~

src/renderer/src/admin/proxies/components/proxies-dashboard/index.tsx:50:3 - error TS6133: 'Activity' is declared but its value is never read.

50   Activity,
     ~~~~~~~~

src/renderer/src/admin/proxies/components/proxies-dashboard/index.tsx:51:3 - error TS6133: 'ExternalLink' is declared but its value is never read.

51   ExternalLink,
     ~~~~~~~~~~~~

src/renderer/src/admin/proxies/components/proxies-dashboard/index.tsx:52:3 - error TS6133: 'RotateCw' is declared but its value is never read.

52   RotateCw
     ~~~~~~~~

src/renderer/src/admin/proxies/components/proxies-dashboard/index.tsx:54:1 - error TS6192: All imports in import declaration are unused.

54 import { Tooltip, TooltipContent, TooltipProvider, TooltipTrigger } from '@/components/ui/tooltip';
   ~~~~~~~~~~~~~~~~~~~~~~~~~~~~~~~~~~~~~~~~~~~~~~~~~~~~~~~~~~~~~~~~~~~~~~~~~~~~~~~~~~~~~~~~~~~~~~~~~~~

src/renderer/src/admin/proxies/components/proxies-dashboard/index.tsx:55:1 - error TS6133: 'Switch' is declared but its value is never read.

55 import { Switch } from '@/components/ui/switch';
   ~~~~~~~~~~~~~~~~~~~~~~~~~~~~~~~~~~~~~~~~~~~~~~~~

src/renderer/src/admin/proxies/components/proxies-dashboard/index.tsx:56:1 - error TS6133: 'Label' is declared but its value is never read.

56 import { Label } from '@/components/ui/label';
   ~~~~~~~~~~~~~~~~~~~~~~~~~~~~~~~~~~~~~~~~~~~~~~

src/renderer/src/admin/proxies/components/proxies-dashboard/index.tsx:72:10 - error TS6133: 'selectedProxy' is declared but its value is never read.

72   const [selectedProxy, setSelectedProxy] = useState<any | null>(null);
            ~~~~~~~~~~~~~

src/renderer/src/admin/proxies/components/proxies-dashboard/index.tsx:79:13 - error TS6196: 'ExtendedProxy' is declared but never used.

79   interface ExtendedProxy extends ProxyConfig {
               ~~~~~~~~~~~~~

src/renderer/src/admin/proxies/components/proxies-dashboard/index.tsx:230:47 - error TS2322: Type 'string | undefined' is not assignable to type 'string'.
  Type 'undefined' is not assignable to type 'string'.

230                     <SelectItem key={country} value={country}>{country}</SelectItem>
                                                  ~~~~~

  node_modules/@radix-ui/react-select/dist/index.d.mts:93:5
    93     value: string;
           ~~~~~
    The expected type comes from property 'value' which is declared here on type 'IntrinsicAttributes & Omit<SelectItemProps & RefAttributes<HTMLDivElement>, "ref"> & RefAttributes<...>'

src/renderer/src/admin/proxies/components/proxies-dashboard/index.tsx:303:19 - error TS2322: Type 'ColumnDef<Proxy>[]' is not assignable to type 'ColumnDef<ProxyConfig>[]'.
  Type 'ColumnDef<Proxy>' is not assignable to type 'ColumnDef<ProxyConfig>'.
    Type 'ColumnDefBase<Proxy, unknown> & StringHeaderIdentifier' is not assignable to type 'ColumnDef<ProxyConfig>'.
      Type 'ColumnDefBase<Proxy, unknown> & StringHeaderIdentifier' is not assignable to type 'AccessorFnColumnDefBase<ProxyConfig, unknown> & IdIdentifier<ProxyConfig, unknown>'.
        Property 'accessorFn' is missing in type 'ColumnDefBase<Proxy, unknown> & StringHeaderIdentifier' but required in type 'AccessorFnColumnDefBase<ProxyConfig, unknown>'.

303                   columns={columns}
                      ~~~~~~~

  node_modules/@tanstack/table-core/build/lib/types.d.ts:98:5
    98     accessorFn: AccessorFn<TData, TValue>;
           ~~~~~~~~~~
    'accessorFn' is declared here.
  src/renderer/src/admin/proxies/components/proxies-dashboard/proxies-table.tsx:38:3
    38   columns: ColumnDef<ProxyConfig>[]
         ~~~~~~~
    The expected type comes from property 'columns' which is declared here on type 'IntrinsicAttributes & DataTableProps'

src/renderer/src/admin/proxies/components/proxies-dashboard/proxies-columns.tsx:13:11 - error TS2430: Interface 'Proxy' incorrectly extends interface 'ProxyConfig'.
  Types of property 'type' are incompatible.
    Type 'string | null | undefined' is not assignable to type 'string | undefined'.
      Type 'null' is not assignable to type 'string | undefined'.

13 interface Proxy extends ProxyConfig {
             ~~~~~

src/renderer/src/admin/proxies/components/proxies-dashboard/proxies-columns.tsx:309:5 - error TS2322: Type '({ row }: DataTableRowActionsProps) => Element' is not assignable to type 'ColumnDefTemplate<CellContext<Proxy, unknown>> | undefined'.
  Type '({ row }: DataTableRowActionsProps) => Element' is not assignable to type '(props: CellContext<Proxy, unknown>) => any'.
    Types of parameters '__0' and 'props' are incompatible.
      Type 'CellContext<Proxy, unknown>' is not assignable to type 'DataTableRowActionsProps'.
        Types of property 'row' are incompatible.
          Type 'Row<Proxy>' is not assignable to type 'Row<ProxyConfig>'.
            Type 'Proxy' is not assignable to type 'ProxyConfig'.
              Types of property 'type' are incompatible.
                Type 'string | null | undefined' is not assignable to type 'string | undefined'.
                  Type 'null' is not assignable to type 'string | undefined'.

309     cell: DataTableRowActions,
        ~~~~

  node_modules/@tanstack/table-core/build/lib/types.d.ts:85:5
    85     cell?: ColumnDefTemplate<CellContext<TData, TValue>>;
           ~~~~
    The expected type comes from property 'cell' which is declared here on type 'ColumnDef<Proxy>'

src/renderer/src/admin/proxies/components/proxies-dashboard/proxies-grid.tsx:1:1 - error TS6133: 'React' is declared but its value is never read.

1 import React from 'react';
  ~~~~~~~~~~~~~~~~~~~~~~~~~~

src/renderer/src/admin/proxies/components/proxies-dashboard/proxies-grid.tsx:29:3 - error TS6133: 'IconClock' is declared but its value is never read.

29   IconClock,
     ~~~~~~~~~

src/renderer/src/admin/proxies/components/proxies-dashboard/proxies-grid.tsx:55:9 - error TS6133: 'getStatusIcon' is declared but its value is never read.

55   const getStatusIcon = (status: string) => {
           ~~~~~~~~~~~~~

src/renderer/src/admin/proxies/components/proxies-dashboard/proxies-grid.tsx:90:9 - error TS6133: 'formatLastChecked' is declared but its value is never read.

90   const formatLastChecked = (timestamp: string) => {
           ~~~~~~~~~~~~~~~~~

src/renderer/src/admin/proxies/components/proxies-dashboard/proxies-mutate-drawer-responsive.tsx:39:11 - error TS2430: Interface 'ExtendedProxy' incorrectly extends interface 'ProxyConfig'.
  Types of property 'type' are incompatible.
    Type 'string | null | undefined' is not assignable to type 'string | undefined'.
      Type 'null' is not assignable to type 'string | undefined'.

39 interface ExtendedProxy extends ProxyConfig {
             ~~~~~~~~~~~~~

src/renderer/src/admin/proxies/components/proxies-dashboard/proxies-mutate-drawer-responsive.tsx:87:25 - error TS6133: 'importProxies' is declared but its value is never read.

87   const { fetchProxies, importProxies } = useProxies()
                           ~~~~~~~~~~~~~

src/renderer/src/admin/proxies/components/proxies-dashboard/proxies-mutate-drawer-responsive.tsx:208:13 - error TS6133: 'serverString' is declared but its value is never read.

208       const serverString = formatProxyServer(values.host, values.port);
                ~~~~~~~~~~~~

src/renderer/src/admin/proxies/components/proxies-dashboard/proxies-mutate-drawer.tsx:9:39 - error TS6133: 'Upload' is declared but its value is never read.

9 import { Loader2, AlertCircle, Check, Upload, FileText } from 'lucide-react'
                                        ~~~~~~

src/renderer/src/admin/proxies/components/proxies-dashboard/proxies-mutate-drawer.tsx:9:47 - error TS6133: 'FileText' is declared but its value is never read.

9 import { Loader2, AlertCircle, Check, Upload, FileText } from 'lucide-react'
                                                ~~~~~~~~

src/renderer/src/admin/proxies/components/proxies-dashboard/proxies-mutate-drawer.tsx:39:11 - error TS2430: Interface 'ExtendedProxy' incorrectly extends interface 'ProxyConfig'.
  Types of property 'type' are incompatible.
    Type 'string | null | undefined' is not assignable to type 'string | undefined'.
      Type 'null' is not assignable to type 'string | undefined'.

39 interface ExtendedProxy extends ProxyConfig {
             ~~~~~~~~~~~~~

src/renderer/src/admin/proxies/components/proxies-dashboard/proxies-mutate-drawer.tsx:92:10 - error TS6133: 'importFile' is declared but its value is never read.

92   const [importFile, setImportFile] = useState<File | null>(null)
            ~~~~~~~~~~

src/renderer/src/admin/proxies/components/proxies-dashboard/proxies-mutate-drawer.tsx:92:22 - error TS6133: 'setImportFile' is declared but its value is never read.

92   const [importFile, setImportFile] = useState<File | null>(null)
                        ~~~~~~~~~~~~~

src/renderer/src/admin/proxies/components/proxies-dashboard/proxies-mutate-drawer.tsx:93:10 - error TS6133: 'isImporting' is declared but its value is never read.

93   const [isImporting, setIsImporting] = useState(false)
            ~~~~~~~~~~~

src/renderer/src/admin/proxies/components/proxies-dashboard/proxies-mutate-drawer.tsx:93:23 - error TS6133: 'setIsImporting' is declared but its value is never read.

93   const [isImporting, setIsImporting] = useState(false)
                         ~~~~~~~~~~~~~~

src/renderer/src/admin/proxies/components/proxies-dashboard/proxies-mutate-drawer.tsx:94:10 - error TS6133: 'importResult' is declared but its value is never read.

94   const [importResult, setImportResult] = useState<{ success: number; errors: number } | null>(null)
            ~~~~~~~~~~~~

src/renderer/src/admin/proxies/components/proxies-dashboard/proxies-mutate-drawer.tsx:94:24 - error TS6133: 'setImportResult' is declared but its value is never read.

94   const [importResult, setImportResult] = useState<{ success: number; errors: number } | null>(null)
                          ~~~~~~~~~~~~~~~

src/renderer/src/admin/proxies/components/proxies-dashboard/proxies-mutate-drawer.tsx:195:13 - error TS6133: 'serverString' is declared but its value is never read.

195       const serverString = formatProxyServer(values.host, values.port);
                ~~~~~~~~~~~~

src/renderer/src/admin/proxies/components/proxies-dashboard/proxies-table-empty.tsx:10:44 - error TS6133: 'columnsCount' is declared but its value is never read.

10 export function ProxiesTableEmpty({ table, columnsCount }: ProxiesTableEmptyProps) {
                                              ~~~~~~~~~~~~

src/renderer/src/admin/proxies/components/proxies-dashboard/proxy-bulk-input.tsx:10:25 - error TS6133: 'formatProxyServer' is declared but its value is never read.

10 import { parseProxyUrl, formatProxyServer } from '../../utils/proxy-url-parser'
                           ~~~~~~~~~~~~~~~~~

src/renderer/src/admin/proxies/components/proxies-dashboard/proxy-bulk-input.tsx:216:17 - error TS6133: 'progress' is declared but its value is never read.

216           const progress = Math.round(((i + 1) / validProxies.length) * 100)
                    ~~~~~~~~

src/renderer/src/admin/proxies/components/proxies-dashboard/proxy-bulk-input.tsx:253:9 - error TS6133: 'handleSubmit' is declared but its value is never read.

253   const handleSubmit = () => {
            ~~~~~~~~~~~~

src/renderer/src/admin/proxies/components/proxies-dashboard/proxy-validator.tsx:2:50 - error TS6133: 'UtilProxyValidationResult' is declared but its value is never read.

2 import { validateProxy, ProxyValidationResult as UtilProxyValidationResult } from '../../utils/proxy-validator'
                                                   ~~~~~~~~~~~~~~~~~~~~~~~~~

src/renderer/src/admin/proxies/components/proxies-dashboard/proxy-validator.tsx:7:1 - error TS6133: 'Skeleton' is declared but its value is never read.

7 import { Skeleton } from '@/components/ui/skeleton'
  ~~~~~~~~~~~~~~~~~~~~~~~~~~~~~~~~~~~~~~~~~~~~~~~~~~~

src/renderer/src/admin/proxies/context/proxies-context.tsx:65:28 - error TS6133: 'id' is declared but its value is never read.

65   const testProxy = async (id: string) => {
                              ~~

src/renderer/src/admin/proxies/context/proxies-context.tsx:83:30 - error TS6133: 'id' is declared but its value is never read.

83   const rotateProxy = async (id: string) => {
                                ~~

src/renderer/src/admin/proxies/context/proxies-context.tsx:120:32 - error TS6133: 'file' is declared but its value is never read.

120   const importProxies = async (file: File, type: 'csv' | 'txt') => {
                                   ~~~~

src/renderer/src/admin/proxies/context/proxies-context.tsx:120:44 - error TS6133: 'type' is declared but its value is never read.

120   const importProxies = async (file: File, type: 'csv' | 'txt') => {
                                               ~~~~

src/renderer/src/admin/proxies/data/data.ts:7:10 - error TS2305: Module '"./schema"' has no exported member 'UserStatus'.

7 import { UserStatus } from './schema'
           ~~~~~~~~~~

src/renderer/src/admin/proxies/utils/proxy-url-parser.ts:32:9 - error TS6133: 'defaultResult' is declared but its value is never read.

32   const defaultResult: ParsedProxyUrl = {
           ~~~~~~~~~~~~~

src/renderer/src/admin/proxies/utils/proxy-validator.ts:34:25 - error TS2339: Property 'success' does not exist on type 'AxiosResponse<{ success: boolean; message: string; }, any, {}>'.

34       isValid: response.success,
                           ~~~~~~~

src/renderer/src/admin/proxies/utils/proxy-validator.ts:35:23 - error TS2339: Property 'success' does not exist on type 'AxiosResponse<{ success: boolean; message: string; }, any, {}>'.

35       error: response.success ? undefined : response.message,
                         ~~~~~~~

src/renderer/src/admin/proxies/utils/proxy-validator.ts:35:54 - error TS2339: Property 'message' does not exist on type 'AxiosResponse<{ success: boolean; message: string; }, any, {}>'.

35       error: response.success ? undefined : response.message,
                                                        ~~~~~~~

src/renderer/src/admin/settings/components/settings-card.tsx:7:1 - error TS6133: 'styles' is declared but its value is never read.

7 import { styles } from '@/admin/settings/styles';
  ~~~~~~~~~~~~~~~~~~~~~~~~~~~~~~~~~~~~~~~~~~~~~~~~~

src/renderer/src/admin/settings/components/settings-card.tsx:81:17 - error TS2322: Type 'string' is not assignable to type '"blue" | "green" | "pink" | "purple" | "red" | "yellow" | undefined'.

81                 variant={neonVariantMap[accentColor]}
                   ~~~~~~~

  src/renderer/src/admin/settings/components/ui/neon-text.tsx:5:3
    5   variant?: 'blue' | 'purple' | 'pink' | 'green' | 'red' | 'yellow';
        ~~~~~~~
    The expected type comes from property 'variant' which is declared here on type 'IntrinsicAttributes & NeonTextProps'

src/renderer/src/admin/settings/components/settings-card.tsx:123:13 - error TS2322: Type 'string' is not assignable to type '"default" | "blue" | "green" | "purple" | "red" | "rainbow" | undefined'.

123             variant={gradientVariantMap[accentColor]}
                ~~~~~~~

  src/renderer/src/admin/settings/components/ui/gradient-border.tsx:5:3
    5   variant?: 'default' | 'purple' | 'blue' | 'green' | 'red' | 'rainbow';
        ~~~~~~~
    The expected type comes from property 'variant' which is declared here on type 'IntrinsicAttributes & GradientBorderProps'

src/renderer/src/admin/settings/components/settings-header.tsx:5:1 - error TS6133: 'styles' is declared but its value is never read.

5 import { styles } from '@/admin/settings/styles';
  ~~~~~~~~~~~~~~~~~~~~~~~~~~~~~~~~~~~~~~~~~~~~~~~~~

src/renderer/src/admin/settings/components/settings-header.tsx:58:13 - error TS2322: Type 'string' is not assignable to type '"blue" | "green" | "pink" | "purple" | "red" | "yellow" | undefined'.

58             variant={neonVariantMap[accentColor]}
               ~~~~~~~

  src/renderer/src/admin/settings/components/ui/neon-text.tsx:5:3
    5   variant?: 'blue' | 'purple' | 'pink' | 'green' | 'red' | 'yellow';
        ~~~~~~~
    The expected type comes from property 'variant' which is declared here on type 'IntrinsicAttributes & NeonTextProps'

src/renderer/src/admin/settings/components/settings-header.tsx:115:9 - error TS2322: Type 'string' is not assignable to type '"default" | "blue" | "green" | "purple" | "red" | "rainbow" | undefined'.

115         variant={gradientVariantMap[accentColor]}
            ~~~~~~~

  src/renderer/src/admin/settings/components/ui/gradient-border.tsx:5:3
    5   variant?: 'default' | 'purple' | 'blue' | 'green' | 'red' | 'rainbow';
        ~~~~~~~
    The expected type comes from property 'variant' which is declared here on type 'IntrinsicAttributes & GradientBorderProps'

src/renderer/src/admin/settings/components/settings-section.tsx:5:1 - error TS6133: 'styles' is declared but its value is never read.

5 import { styles } from '@/admin/settings/styles';
  ~~~~~~~~~~~~~~~~~~~~~~~~~~~~~~~~~~~~~~~~~~~~~~~~~

src/renderer/src/admin/settings/components/settings-section.tsx:50:13 - error TS2322: Type 'string' is not assignable to type '"blue" | "green" | "pink" | "purple" | "red" | "yellow" | undefined'.

50             variant={neonVariantMap[accentColor]}
               ~~~~~~~

  src/renderer/src/admin/settings/components/ui/neon-text.tsx:5:3
    5   variant?: 'blue' | 'purple' | 'pink' | 'green' | 'red' | 'yellow';
        ~~~~~~~
    The expected type comes from property 'variant' which is declared here on type 'IntrinsicAttributes & NeonTextProps'

src/renderer/src/admin/settings/components/ui/morphism-card.tsx:1:35 - error TS6133: 'useEffect' is declared but its value is never read.

1 import React, { useState, useRef, useEffect } from 'react';
                                    ~~~~~~~~~

src/renderer/src/admin/settings/context/settings-context.tsx:3:39 - error TS6133: 'ServerSettingsUpdate' is declared but its value is never read.

3 import { settingsApi, ServerSettings, ServerSettingsUpdate } from '../api/settings-api';
                                        ~~~~~~~~~~~~~~~~~~~~

src/renderer/src/admin/settings/context/settings-context.tsx:4:36 - error TS6133: 'SettingsUpdate' is declared but its value is never read.

4 import { settingsDb, UserSettings, SettingsUpdate } from '../db/settings-db';
                                     ~~~~~~~~~~~~~~

src/renderer/src/admin/settings/index.tsx:11:3 - error TS6133: 'IconShieldLock' is declared but its value is never read.

11   IconShieldLock,
     ~~~~~~~~~~~~~~

src/renderer/src/admin/settings/index.tsx:22:3 - error TS6133: 'SettingsHeader' is declared but its value is never read.

22   SettingsHeader,
     ~~~~~~~~~~~~~~

src/renderer/src/auth/api/auth-api.ts:77:9 - error TS2322: Type '{ access_token: string; refresh_token: string; expires_at: number | undefined; } | null' is not assignable to type '{ access_token: string; refresh_token: string; expires_at: number; } | null'.
  Type '{ access_token: string; refresh_token: string; expires_at: number | undefined; }' is not assignable to type '{ access_token: string; refresh_token: string; expires_at: number; }'.
    Types of property 'expires_at' are incompatible.
      Type 'number | undefined' is not assignable to type 'number'.
        Type 'undefined' is not assignable to type 'number'.

77         session: data.session ? {
           ~~~~~~~

  src/renderer/src/auth/api/auth-api.ts:9:3
    9   session: {
        ~~~~~~~
    The expected type comes from property 'session' which is declared here on type 'AuthResponse'

src/renderer/src/auth/api/auth-api.ts:113:9 - error TS2322: Type '{ access_token: string; refresh_token: string; expires_at: number | undefined; } | null' is not assignable to type '{ access_token: string; refresh_token: string; expires_at: number; } | null'.
  Type '{ access_token: string; refresh_token: string; expires_at: number | undefined; }' is not assignable to type '{ access_token: string; refresh_token: string; expires_at: number; }'.
    Types of property 'expires_at' are incompatible.
      Type 'number | undefined' is not assignable to type 'number'.
        Type 'undefined' is not assignable to type 'number'.

113         session: data.session ? {
            ~~~~~~~

  src/renderer/src/auth/api/auth-api.ts:9:3
    9   session: {
        ~~~~~~~
    The expected type comes from property 'session' which is declared here on type 'AuthResponse'

src/renderer/src/auth/api/auth-api.ts:207:9 - error TS2322: Type '{ access_token: string; refresh_token: string; expires_at: number | undefined; } | null' is not assignable to type '{ access_token: string; refresh_token: string; expires_at: number; } | null'.
  Type '{ access_token: string; refresh_token: string; expires_at: number | undefined; }' is not assignable to type '{ access_token: string; refresh_token: string; expires_at: number; }'.
    Types of property 'expires_at' are incompatible.
      Type 'number | undefined' is not assignable to type 'number'.
        Type 'undefined' is not assignable to type 'number'.

207         session: data.session ? {
            ~~~~~~~

  src/renderer/src/auth/api/auth-api.ts:9:3
    9   session: {
        ~~~~~~~
    The expected type comes from property 'session' which is declared here on type 'AuthResponse'

src/renderer/src/auth/api/auth-api.ts:235:9 - error TS2322: Type '{ access_token: string; refresh_token: string; expires_at: number | undefined; } | null' is not assignable to type '{ access_token: string; refresh_token: string; expires_at: number; } | null'.
  Type '{ access_token: string; refresh_token: string; expires_at: number | undefined; }' is not assignable to type '{ access_token: string; refresh_token: string; expires_at: number; }'.
    Types of property 'expires_at' are incompatible.
      Type 'number | undefined' is not assignable to type 'number'.
        Type 'undefined' is not assignable to type 'number'.

235         session: data.session ? {
            ~~~~~~~

  src/renderer/src/auth/api/auth-api.ts:9:3
    9   session: {
        ~~~~~~~
    The expected type comes from property 'session' which is declared here on type 'AuthResponse'

src/renderer/src/auth/logout-success.tsx:50:18 - error TS2322: Type '"/home"' is not assignable to type '"/" | "." | ".." | "/500" | "/otp" | "/sign-in" | "/forgot-password" | "/logout-success" | "/sign-in-2" | "/sign-up" | "/401" | "/403" | "/404" | "/500-error" | "/503" | "/598" | ... 9 more ... | "/settings"'.

50       navigate({ to: '/home' })
                    ~~

  node_modules/@tanstack/router-core/dist/esm/link.d.ts:112:5
    112     to: ToPathOption<TRouter, TFrom, TTo> & {};
            ~~
    The expected type comes from property 'to' which is declared here on type 'NavigateOptions<RouterCore<Route<any, "/", "/", string, "__root__", undefined, {}, { queryClient: QueryClient; }, AnyContext, ({ location }: BeforeLoadContextOptions<any, undefined, {}, { queryClient: QueryClient; }, AnyContext>) => Promise<...>, {}, undefined, RootRouteChildren, FileRouteTypes>, "never", false, Rou...'

src/renderer/src/auth/logout-success.tsx:130:39 - error TS2345: Argument of type '{ to: "/sign-in"; }' is not assignable to parameter of type 'NavigateOptions<RouterCore<Route<any, "/", "/", string, "__root__", undefined, {}, { queryClient: QueryClient; }, AnyContext, ({ location }: BeforeLoadContextOptions<any, undefined, {}, { queryClient: QueryClient; }, AnyContext>) => Promise<...>, {}, undefined, RootRouteChildren, FileRouteTypes>, "never", false, Rou...'.
  Property 'search' is missing in type '{ to: "/sign-in"; }' but required in type 'MakeRequiredSearchParams<RouterCore<Route<any, "/", "/", string, "__root__", undefined, {}, { queryClient: QueryClient; }, AnyContext, ({ location }: BeforeLoadContextOptions<any, undefined, {}, { queryClient: QueryClient; }, AnyContext>) => Promise<...>, {}, undefined, RootRouteChildren, FileRouteTypes>, "never", f...'.

130               onClick={() => navigate({ to: '/sign-in' })}
                                          ~~~~~~~~~~~~~~~~~~

  node_modules/@tanstack/router-core/dist/esm/link.d.ts:152:5
    152     search: MakeRequiredParamsReducer<TRouter, 'SEARCH', TFrom, TTo> & {};
            ~~~~~~
    'search' is declared here.

src/renderer/src/auth/otp/index.tsx:22:12 - error TS2741: Property 'search' is missing in type '{ children: string; to: "/sign-in"; className: string; }' but required in type 'MakeRequiredSearchParams<RouterCore<Route<any, "/", "/", string, "__root__", undefined, {}, { queryClient: QueryClient; }, AnyContext, ({ location }: BeforeLoadContextOptions<any, undefined, {}, { queryClient: QueryClient; }, AnyContext>) => Promise<...>, {}, undefined, RootRouteChildren, FileRouteTypes>, "never", f...'.

22           <Link
              ~~~~

  node_modules/@tanstack/router-core/dist/esm/link.d.ts:152:5
    152     search: MakeRequiredParamsReducer<TRouter, 'SEARCH', TFrom, TTo> & {};
            ~~~~~~
    'search' is declared here.

src/renderer/src/auth/sign-up/components/sign-up-form.tsx:67:16 - error TS2345: Argument of type '{ to: "/sign-in"; }' is not assignable to parameter of type 'NavigateOptions<RouterCore<Route<any, "/", "/", string, "__root__", undefined, {}, { queryClient: QueryClient; }, AnyContext, ({ location }: BeforeLoadContextOptions<any, undefined, {}, { queryClient: QueryClient; }, AnyContext>) => Promise<...>, {}, undefined, RootRouteChildren, FileRouteTypes>, "never", false, Rou...'.
  Property 'search' is missing in type '{ to: "/sign-in"; }' but required in type 'MakeRequiredSearchParams<RouterCore<Route<any, "/", "/", string, "__root__", undefined, {}, { queryClient: QueryClient; }, AnyContext, ({ location }: BeforeLoadContextOptions<any, undefined, {}, { queryClient: QueryClient; }, AnyContext>) => Promise<...>, {}, undefined, RootRouteChildren, FileRouteTypes>, "never", f...'.

67       navigate({ to: '/sign-in' })
                  ~~~~~~~~~~~~~~~~~~

  node_modules/@tanstack/router-core/dist/esm/link.d.ts:152:5
    152     search: MakeRequiredParamsReducer<TRouter, 'SEARCH', TFrom, TTo> & {};
            ~~~~~~
    'search' is declared here.

src/renderer/src/auth/sign-up/index.tsx:17:14 - error TS2741: Property 'search' is missing in type '{ children: string; to: "/sign-in"; className: string; }' but required in type 'MakeRequiredSearchParams<RouterCore<Route<any, "/", "/", string, "__root__", undefined, {}, { queryClient: QueryClient; }, AnyContext, ({ location }: BeforeLoadContextOptions<any, undefined, {}, { queryClient: QueryClient; }, AnyContext>) => Promise<...>, {}, undefined, RootRouteChildren, FileRouteTypes>, "never", f...'.

17             <Link
                ~~~~

  node_modules/@tanstack/router-core/dist/esm/link.d.ts:152:5
    152     search: MakeRequiredParamsReducer<TRouter, 'SEARCH', TFrom, TTo> & {};
            ~~~~~~
    'search' is declared here.

src/renderer/src/components/command-menu.tsx:1:1 - error TS6133: 'React' is declared but its value is never read.

1 import React from 'react'
  ~~~~~~~~~~~~~~~~~~~~~~~~~

src/renderer/src/components/command-menu.tsx:3:51 - error TS6133: 'IconDeviceLaptop' is declared but its value is never read.

3 import { IconArrowRightDashed, IconSun, IconMoon, IconDeviceLaptop } from '@tabler/icons-react'
                                                    ~~~~~~~~~~~~~~~~

src/renderer/src/components/layout/data/sidebar-data.ts:2:2 - error TS6133: 'IconBarrierBlock' is declared but its value is never read.

2  IconBarrierBlock,
   ~~~~~~~~~~~~~~~~

src/renderer/src/components/layout/data/sidebar-data.ts:5:3 - error TS6133: 'IconDeviceMobile' is declared but its value is never read.

5   IconDeviceMobile,
    ~~~~~~~~~~~~~~~~

src/renderer/src/components/layout/data/sidebar-data.ts:6:3 - error TS6133: 'IconHash' is declared but its value is never read.

6   IconHash,
    ~~~~~~~~

src/renderer/src/components/layout/types.ts:9:11 - error TS6196: 'Team' is declared but never used.

9 interface Team {
            ~~~~

src/renderer/src/components/pin-input.tsx:448:43 - error TS7030: Not all code paths return a value.

448   React.Children.toArray(children).filter((child) => {
                                              ~~~~~~~~~~~~

src/renderer/src/components/tables/columns.tsx:4:22 - error TS2307: Cannot find module '../../admin/tasks/data/schema' or its corresponding type declarations.

4 import { Task } from '../../admin/tasks/data/schema'
                       ~~~~~~~~~~~~~~~~~~~~~~~~~~~~~~~

src/renderer/src/components/tables/columns.tsx:74:16 - error TS2322: Type '"success" | "default" | "destructive" | "secondary"' is not assignable to type '"outline" | "default" | "destructive" | "secondary" | null | undefined'.
  Type '"success"' is not assignable to type '"outline" | "default" | "destructive" | "secondary" | null | undefined'.

74         <Badge variant={
                  ~~~~~~~

  src/renderer/src/components/ui/badge.tsx:9:7
      9       variant: {
              ~~~~~~~~~~
     10         default:
        ~~~~~~~~~~~~~~~~
    ...
     16         outline: 'text-foreground',
        ~~~~~~~~~~~~~~~~~~~~~~~~~~~~~~~~~~~
     17       },
        ~~~~~~~
    The expected type comes from property 'variant' which is declared here on type 'IntrinsicAttributes & BadgeProps'

src/renderer/src/components/tables/data-table-toolbar.tsx:5:38 - error TS2307: Cannot find module '../components/data-table-view-options' or its corresponding type declarations.

5 import { DataTableViewOptions } from '../components/data-table-view-options'
                                       ~~~~~~~~~~~~~~~~~~~~~~~~~~~~~~~~~~~~~~~

src/renderer/src/components/tables/data-table-toolbar.tsx:6:38 - error TS2307: Cannot find module '../../admin/tasks/data/data' or its corresponding type declarations.

6 import { priorities, statuses } from '../../admin/tasks/data/data'
                                       ~~~~~~~~~~~~~~~~~~~~~~~~~~~~~

src/renderer/src/components/tables/data-table.tsx:47:3 - error TS6133: 'bulkActions' is declared but its value is never read.

47   bulkActions
     ~~~~~~~~~~~

src/renderer/src/components/tables/tasks-dialogs.tsx:3:26 - error TS2307: Cannot find module '../../admin/tasks/context/tasks-context' or its corresponding type declarations.

3 import { useTasks } from '../../admin/tasks/context/tasks-context'
                           ~~~~~~~~~~~~~~~~~~~~~~~~~~~~~~~~~~~~~~~~~

src/renderer/src/components/tables/tasks-mutate-drawer.tsx:26:22 - error TS2307: Cannot find module '../../admin/tasks/data/schema' or its corresponding type declarations.

26 import { Task } from '../../admin/tasks/data/schema'
                        ~~~~~~~~~~~~~~~~~~~~~~~~~~~~~~~

src/renderer/src/components/tables/tasks-mutate-drawer.tsx:144:15 - error TS2322: Type '"label"' is not assignable to type '"title" | "status" | "target" | "type" | "config" | "priority" | "config.url" | "config.timeout" | "config.selector" | "config.interval" | "config.retries"'.

144               name='label'
                  ~~~~

  node_modules/react-hook-form/dist/types/controller.d.ts:20:5
    20     name: TName;
           ~~~~
    The expected type comes from property 'name' which is declared here on type 'IntrinsicAttributes & { render: ({ field, fieldState, formState, }: { field: ControllerRenderProps<{ title: string; status: "paused" | "running" | "completed" | "pending" | "failed"; target: string; type: "automation" | "scraping" | "crawling" | "monitoring"; priority: "medium" | ... 1 more ... | "low"; config?: { ....'

src/renderer/src/components/tables/tasks-mutate-drawer.tsx:151:23 - error TS2322: Type 'string | number | { url?: string | undefined; timeout?: number | undefined; selector?: string | undefined; interval?: number | undefined; retries?: number | undefined; } | undefined' is not assignable to type 'string | undefined'.
  Type 'number' is not assignable to type 'string'.

151                       defaultValue={field.value}
                          ~~~~~~~~~~~~

  node_modules/@radix-ui/react-radio-group/dist/index.d.mts:40:5
    40     defaultValue?: string;
           ~~~~~~~~~~~~
    The expected type comes from property 'defaultValue' which is declared here on type 'IntrinsicAttributes & Omit<RadioGroupProps & RefAttributes<HTMLDivElement>, "ref"> & RefAttributes<...>'

src/renderer/src/components/tables/tasks-primary-buttons.tsx:3:26 - error TS2307: Cannot find module '../../admin/tasks/context/tasks-context' or its corresponding type declarations.

3 import { useTasks } from '../../admin/tasks/context/tasks-context'
                           ~~~~~~~~~~~~~~~~~~~~~~~~~~~~~~~~~~~~~~~~~

src/renderer/src/components/tauri-test.tsx:17:29 - error TS18046: 'error' is of type 'unknown'.

17       setGreeting(`Error: ${error.message}`);
                               ~~~~~

src/renderer/src/components/tauri-test.tsx:27:33 - error TS18046: 'error' is of type 'unknown'.

27       setServerStatus(`Error: ${error.message}`);
                                   ~~~~~

src/renderer/src/components/tauri-test.tsx:38:33 - error TS18046: 'error' is of type 'unknown'.

38       setServerStatus(`Error: ${error.message}`);
                                   ~~~~~

src/renderer/src/components/ui/advanced-button.tsx:3:20 - error TS6133: 'useEffect' is declared but its value is never read.

3 import { useState, useEffect } from "react"
                     ~~~~~~~~~

src/renderer/src/components/ui/advanced-button.tsx:5:11 - error TS2430: Interface 'AdvancedButtonProps' incorrectly extends interface 'ButtonProps'.
  Types of property 'variant' are incompatible.
    Type '"outline" | "gradient" | "shine" | "glow" | undefined' is not assignable to type '"link" | "outline" | "default" | "destructive" | "secondary" | "ghost" | null | undefined'.
      Type '"gradient"' is not assignable to type '"link" | "outline" | "default" | "destructive" | "secondary" | "ghost" | null | undefined'.

5 interface AdvancedButtonProps extends ButtonProps {
            ~~~~~~~~~~~~~~~~~~~

src/renderer/src/components/ui/advanced-toast.tsx:5:11 - error TS2430: Interface 'AdvancedToastProps' incorrectly extends interface 'Omit<Omit<ToastProps & RefAttributes<HTMLLIElement>, "ref"> & VariantProps<(props?: (ConfigVariants<{ variant: { default: string; destructive: string; }; }> & ClassProp) | undefined) => string> & RefAttributes<...>, "ref">'.
  Types of property 'variant' are incompatible.
    Type '"error" | "success" | "info" | "warning" | undefined' is not assignable to type '"default" | "destructive" | null | undefined'.
      Type '"error"' is not assignable to type '"default" | "destructive" | null | undefined'.

5 interface AdvancedToastProps extends ToastProps {
            ~~~~~~~~~~~~~~~~~~

src/renderer/src/components/ui/data-table-row-actions.tsx:16:44 - error TS6133: 'row' is declared but its value is never read.

16 export function DataTableRowActions<TData>({
                                              ~
17   row,
   ~~~~~~
18 }: DataTableRowActionsProps<TData>) {
   ~

src/renderer/src/components/ui/floating-input.tsx:2:10 - error TS2305: Module '"./input"' has no exported member 'InputProps'.

2 import { InputProps } from "./input"
           ~~~~~~~~~~

src/renderer/src/components/ui/floating-input.tsx:10:6 - error TS2339: Property 'className' does not exist on type 'FloatingInputProps'.

10   ({ className, label, type, ...props }, ref) => {
        ~~~~~~~~~

src/renderer/src/components/ui/floating-input.tsx:10:24 - error TS2339: Property 'type' does not exist on type 'FloatingInputProps'.

10   ({ className, label, type, ...props }, ref) => {
                          ~~~~

src/renderer/src/components/ui/gradient-card.tsx:2:16 - error TS2305: Module '"./card"' has no exported member 'CardProps'.

2 import { Card, CardProps } from "./card"
                 ~~~~~~~~~

src/renderer/src/components/ui/gradient-card.tsx:11:3 - error TS2339: Property 'children' does not exist on type 'GradientCardProps'.

11   children,
     ~~~~~~~~

src/renderer/src/components/ui/gradient-card.tsx:12:3 - error TS2339: Property 'className' does not exist on type 'GradientCardProps'.

12   className,
     ~~~~~~~~~

src/renderer/src/components/ui/morphism-card.tsx:1:35 - error TS6133: 'useEffect' is declared but its value is never read.

1 import React, { useState, useRef, useEffect } from 'react';
                                    ~~~~~~~~~

src/renderer/src/components/ui/mouse-effects.tsx:40:32 - error TS6133: 'e' is declared but its value is never read.

40     const handleClick = async (e: MouseEvent) => {
                                  ~

src/renderer/src/hooks/use-loading-mutation.ts:16:15 - error TS7030: Not all code paths return a value.

16     onMutate: async (variables) => {
                 ~~~~~~~~~~~~~~~~~~~~~~

src/renderer/src/hooks/use-loading-mutation.ts:19:30 - error TS2554: Expected 2 arguments, but got 1.

19         return await options.onMutate(variables)
                                ~~~~~~~~

  node_modules/@tanstack/query-core/build/modern/hydration-iULCH7y8.d.ts:1195:40
    1195     onMutate?: (variables: TVariables, context: MutationFunctionContext) => Promise<TOnMutateResult | undefined> | TOnMutateResult | undefined;
                                                ~~~~~~~~~~~~~~~~~~~~~~~~~~~~~~~~
    An argument for 'context' was not provided.

src/renderer/src/hooks/use-loading-mutation.ts:25:17 - error TS2554: Expected 5 arguments, but got 4.

25         options.onSettled(data, error, variables, context)
                   ~~~~~~~~~

  node_modules/@tanstack/query-core/build/modern/hydration-iULCH7y8.d.ts:1198:133
    1198     onSettled?: (data: TData | undefined, error: TError | null, variables: TVariables, onMutateResult: TOnMutateResult | undefined, context: MutationFunctionContext) => Promise<unknown> | unknown;
                                                                                                                                             ~~~~~~~~~~~~~~~~~~~~~~~~~~~~~~~~
    An argument for 'context' was not provided.

src/renderer/src/lib/supabase.ts:22:9 - error TS6133: 'signIn' is declared but its value is never read.

22   const signIn = async (email: string, password: string) => {
           ~~~~~~

src/renderer/src/lib/tauri.ts:2:24 - error TS2307: Cannot find module '@tauri-apps/api/tauri' or its corresponding type declarations.

2 import { invoke } from '@tauri-apps/api/tauri';
                         ~~~~~~~~~~~~~~~~~~~~~~~

src/renderer/src/lib/tauri.ts:30:53 - error TS18046: 'error' is of type 'unknown'.

30     throw new Error(`Failed to get server status: ${error.message}`);
                                                       ~~~~~

src/renderer/src/lib/tauri.ts:39:52 - error TS18046: 'error' is of type 'unknown'.

39     throw new Error(`Failed to get system stats: ${error.message}`);
                                                      ~~~~~

src/renderer/src/lib/tauri.ts:49:48 - error TS18046: 'error' is of type 'unknown'.

49     throw new Error(`Failed to get profiles: ${error.message}`);
                                                  ~~~~~

src/renderer/src/lib/tauri.ts:58:47 - error TS18046: 'error' is of type 'unknown'.

58     throw new Error(`Failed to get profile: ${error.message}`);
                                                 ~~~~~

src/renderer/src/lib/tauri.ts:73:50 - error TS18046: 'error' is of type 'unknown'.

73     throw new Error(`Failed to create profile: ${error.message}`);
                                                    ~~~~~

src/renderer/src/lib/tauri.ts:87:50 - error TS18046: 'error' is of type 'unknown'.

87     throw new Error(`Failed to launch profile: ${error.message}`);
                                                    ~~~~~

src/renderer/src/lib/tauri.ts:97:49 - error TS18046: 'error' is of type 'unknown'.

97     throw new Error(`Failed to get campaigns: ${error.message}`);
                                                   ~~~~~

src/renderer/src/lib/tauri.ts:106:48 - error TS18046: 'error' is of type 'unknown'.

106     throw new Error(`Failed to get campaign: ${error.message}`);
                                                   ~~~~~

src/renderer/src/lib/tauri.ts:121:51 - error TS18046: 'error' is of type 'unknown'.

121     throw new Error(`Failed to create campaign: ${error.message}`);
                                                      ~~~~~

src/renderer/src/lib/tauri.ts:135:51 - error TS18046: 'error' is of type 'unknown'.

135     throw new Error(`Failed to launch campaign: ${error.message}`);
                                                      ~~~~~

src/renderer/src/lib/websocket-service.ts:223:22 - error TS6133: 'event' is declared but its value is never read.

223   private handleOpen(event: Event): void {
                         ~~~~~

src/renderer/src/provider/search-context.tsx:32:8 - error TS2739: Type '{}' is missing the following properties from type '{ open: boolean; setOpen: (open: boolean) => void; }': open, setOpen

32       <CommandMenu />
          ~~~~~~~~~~~

src/renderer/src/routes/(auth)/sign-up.lazy.tsx:5:3 - error TS2353: Object literal may only specify known properties, and 'validateSearch' does not exist in type 'LazyRouteOptions'.

5   validateSearch: (search: Record<string, unknown>) => {
    ~~~~~~~~~~~~~~

src/renderer/src/routes/(errors)/598.lazy.tsx:5:3 - error TS2322: Type 'typeof ErrorBoundary' is not assignable to type 'RouteComponent | undefined'.

5   component: ErrorBoundary,
    ~~~~~~~~~

  node_modules/@tanstack/react-router/dist/esm/route.d.ts:12:9
    12         component?: RouteComponent;
               ~~~~~~~~~
    The expected type comes from property 'component' which is declared here on type 'LazyRouteOptions'

src/renderer/src/routes/__root.tsx:37:11 - error TS6133: 'user' is declared but its value is never read.

37   const { user, setUser } = useAuthStore((state) => state.auth)
             ~~~~

src/renderer/src/routes/_authenticated/route.tsx:2:35 - error TS6133: 'redirect' is declared but its value is never read.

2 import { createFileRoute, Outlet, redirect } from '@tanstack/react-router'
                                    ~~~~~~~~

src/renderer/src/routes/_authenticated/route.tsx:8:1 - error TS6133: 'supabase' is declared but its value is never read.

8 import { supabase } from '@/lib/supabase'
  ~~~~~~~~~~~~~~~~~~~~~~~~~~~~~~~~~~~~~~~~~


Found 397 errors in 80 files.

Errors  Files
     9  src/renderer/src/admin/campaigns/api/index.ts:189
     4  src/renderer/src/admin/campaigns/components/campaign-analytics/index.tsx:1
     5  src/renderer/src/admin/campaigns/components/campaign-detail/campaign-launch.tsx:1
    27  src/renderer/src/admin/campaigns/components/campaign-detail/index.tsx:1
     1  src/renderer/src/admin/campaigns/components/campaign-export-import/index.tsx:36
     2  src/renderer/src/admin/campaigns/components/campaign-scheduling/index.tsx:1
     1  src/renderer/src/admin/campaigns/components/campaigns-dashboard/advanced-filter.tsx:1
    25  src/renderer/src/admin/campaigns/components/campaigns-dashboard/index.tsx:28
     3  src/renderer/src/admin/campaigns/context/campaigns-context.tsx:81
     1  src/renderer/src/admin/campaigns/index.tsx:1
     1  src/renderer/src/admin/campaigns/utils/validation.ts:227
     1  src/renderer/src/admin/dashboard/index.tsx:2
     1  src/renderer/src/admin/profiles/api/index.ts:2
     6  src/renderer/src/admin/profiles/api/profiles-api.ts:233
     3  src/renderer/src/admin/profiles/components/fingerprint-dialog.tsx:11
     3  src/renderer/src/admin/profiles/components/profile-batch-drawer.tsx:1
     2  src/renderer/src/admin/profiles/components/profile-edit-modal.tsx:50
     7  src/renderer/src/admin/profiles/components/proxy-selection-modal.tsx:1
     2  src/renderer/src/admin/profiles/context/profile-context.tsx:15
     1  src/renderer/src/admin/profiles/index.tsx:2
    33  src/renderer/src/admin/profiles/profile-dashboard/index.tsx:1
    47  src/renderer/src/admin/profiles/profile-dashboard/profile-actions-responsive.tsx:1
    13  src/renderer/src/admin/profiles/profile-dashboard/profile-actions.tsx:1
     2  src/renderer/src/admin/profiles/profile-dashboard/profile-delete-dialog.tsx:4
    21  src/renderer/src/admin/profiles/profile-dashboard/profile-details.tsx:3
     4  src/renderer/src/admin/profiles/profile-dashboard/profiles-grid.tsx:1
     7  src/renderer/src/admin/profiles/profile-dashboard/profiles-table.tsx:1
     6  src/renderer/src/admin/proxies/api/proxies-api.ts:6
     1  src/renderer/src/admin/proxies/components/data-table-row-actions.tsx:90
    24  src/renderer/src/admin/proxies/components/proxies-dashboard/index-updated.tsx:1
    24  src/renderer/src/admin/proxies/components/proxies-dashboard/index.tsx:1
     2  src/renderer/src/admin/proxies/components/proxies-dashboard/proxies-columns.tsx:13
     4  src/renderer/src/admin/proxies/components/proxies-dashboard/proxies-grid.tsx:1
     3  src/renderer/src/admin/proxies/components/proxies-dashboard/proxies-mutate-drawer-responsive.tsx:39
    10  src/renderer/src/admin/proxies/components/proxies-dashboard/proxies-mutate-drawer.tsx:9
     1  src/renderer/src/admin/proxies/components/proxies-dashboard/proxies-table-empty.tsx:10
     3  src/renderer/src/admin/proxies/components/proxies-dashboard/proxy-bulk-input.tsx:10
     2  src/renderer/src/admin/proxies/components/proxies-dashboard/proxy-validator.tsx:2
     4  src/renderer/src/admin/proxies/context/proxies-context.tsx:65
     1  src/renderer/src/admin/proxies/data/data.ts:7
     1  src/renderer/src/admin/proxies/utils/proxy-url-parser.ts:32
     3  src/renderer/src/admin/proxies/utils/proxy-validator.ts:34
     3  src/renderer/src/admin/settings/components/settings-card.tsx:7
     3  src/renderer/src/admin/settings/components/settings-header.tsx:5
     2  src/renderer/src/admin/settings/components/settings-section.tsx:5
     1  src/renderer/src/admin/settings/components/ui/morphism-card.tsx:1
     2  src/renderer/src/admin/settings/context/settings-context.tsx:3
     2  src/renderer/src/admin/settings/index.tsx:11
     4  src/renderer/src/auth/api/auth-api.ts:77
     2  src/renderer/src/auth/logout-success.tsx:50
     1  src/renderer/src/auth/otp/index.tsx:22
     1  src/renderer/src/auth/sign-up/components/sign-up-form.tsx:67
     1  src/renderer/src/auth/sign-up/index.tsx:17
     2  src/renderer/src/components/command-menu.tsx:1
     3  src/renderer/src/components/layout/data/sidebar-data.ts:2
     1  src/renderer/src/components/layout/types.ts:9
     1  src/renderer/src/components/pin-input.tsx:448
     2  src/renderer/src/components/tables/columns.tsx:4
     2  src/renderer/src/components/tables/data-table-toolbar.tsx:5
     1  src/renderer/src/components/tables/data-table.tsx:47
     1  src/renderer/src/components/tables/tasks-dialogs.tsx:3
     3  src/renderer/src/components/tables/tasks-mutate-drawer.tsx:26
     1  src/renderer/src/components/tables/tasks-primary-buttons.tsx:3
     3  src/renderer/src/components/tauri-test.tsx:17
     2  src/renderer/src/components/ui/advanced-button.tsx:3
     1  src/renderer/src/components/ui/advanced-toast.tsx:5
     1  src/renderer/src/components/ui/data-table-row-actions.tsx:16
     3  src/renderer/src/components/ui/floating-input.tsx:2
     3  src/renderer/src/components/ui/gradient-card.tsx:2
     1  src/renderer/src/components/ui/morphism-card.tsx:1
     1  src/renderer/src/components/ui/mouse-effects.tsx:40
     3  src/renderer/src/hooks/use-loading-mutation.ts:16
     1  src/renderer/src/lib/supabase.ts:22
    11  src/renderer/src/lib/tauri.ts:2
     1  src/renderer/src/lib/websocket-service.ts:223
     1  src/renderer/src/provider/search-context.tsx:32
     1  src/renderer/src/routes/(auth)/sign-up.lazy.tsx:5
     1  src/renderer/src/routes/(errors)/598.lazy.tsx:5
     1  src/renderer/src/routes/__root.tsx:37
     2  src/renderer/src/routes/_authenticated/route.tsx:2

C:\Users\27766\Desktop\electron-nyx>
C:\Users\27766\Desktop\electron-nyx>

